#
# There is insufficient memory for the Java Runtime Environment to continue.
# Native memory allocation (malloc) failed to allocate 1048576 bytes. Error detail: AllocateHeap
# Possible reasons:
#   The system is out of physical RAM or swap space
#   This process is running with CompressedOops enabled, and the Java Heap may be blocking the growth of the native heap
# Possible solutions:
#   Reduce memory load on the system
#   Increase physical memory or swap space
#   Check if swap backing store is full
#   Decrease Java heap size (-Xmx/-Xms)
#   Decrease number of Java threads
#   Decrease Java thread stack sizes (-Xss)
#   Set larger code cache with -XX:ReservedCodeCacheSize=
#   JVM is running with Unscaled Compressed Oops mode in which the Java heap is
#     placed in the first 4GB address space. The Java Heap base address is the
#     maximum limit for the native heap growth. Please use -XX:HeapBaseMinAddress
#     to set the Java Heap base and to place the Java Heap above 4GB virtual address.
# This output file may be truncated or incomplete.
#
#  Out of Memory Error (allocation.cpp:44), pid=11800, tid=23192
#
# JRE version: OpenJDK Runtime Environment Temurin-21.0.10+7 (21.0.10+7) (build 21.0.10+7-LTS)
# Java VM: OpenJDK 64-Bit Server VM Temurin-21.0.10+7 (21.0.10+7-LTS, mixed mode, sharing, tiered, compressed oops, compressed class ptrs, parallel gc, windows-amd64)
# No core dump will be written. Minidumps are not enabled by default on client versions of Windows
#

---------------  S U M M A R Y ------------

Command Line: --add-modules=ALL-SYSTEM --add-opens=java.base/java.util=ALL-UNNAMED --add-opens=java.base/java.lang=ALL-UNNAMED --add-opens=java.base/sun.nio.fs=ALL-UNNAMED -Declipse.application=org.eclipse.jdt.ls.core.id1 -Dosgi.bundles.defaultStartLevel=4 -Declipse.product=org.eclipse.jdt.ls.core.product -Djava.import.generatesMetadataFilesAtProjectRoot=false -DDetectVMInstallationsJob.disabled=true -Dfile.encoding=utf8 -XX:+UseParallelGC -XX:GCTimeRatio=4 -XX:AdaptiveSizePolicyWeight=90 -Dsun.zip.disableMemoryMapping=true -Xmx2G -Xms100m -Xlog:disable -javaagent:c:\Users\Priyank Singh\.vscode\extensions\redhat.java-1.54.0-win32-x64\lombok\lombok-1.18.39-4050.jar -XX:+HeapDumpOnOutOfMemoryError -XX:HeapDumpPath=c:\Users\Priyank Singh\AppData\Roaming\Code\User\workspaceStorage\202945ca63545f4ea7e4daeed799ec2f\redhat.java -Daether.dependencyCollector.impl=bf c:\Users\Priyank Singh\.vscode\extensions\redhat.java-1.54.0-win32-x64\server\plugins\org.eclipse.equinox.launcher_1.7.100.v20251111-0406.jar -configuration c:\Users\Priyank Singh\AppData\Roaming\Code\User\globalStorage\redhat.java\1.54.0\config_win -data c:\Users\Priyank Singh\AppData\Roaming\Code\User\workspaceStorage\202945ca63545f4ea7e4daeed799ec2f\redhat.java\jdt_ws --pipe=\\.\pipe\lsp-80fe1d53563a685ea793cde579203422-sock

Host: 11th Gen Intel(R) Core(TM) i5-11300H @ 3.10GHz, 8 cores, 7G,  Windows 11 , 64 bit Build 26100 (10.0.26100.8246)
Time: Mon May  4 16:34:23 2026 India Standard Time elapsed time: 19758.024274 seconds (0d 5h 29m 18s)

---------------  T H R E A D  ---------------

Current thread (0x00000278d6faba40):  JavaThread "Attach Listener" daemon [_thread_in_vm, id=23192, stack(0x000000f208300000,0x000000f208400000) (1024K)]

Stack: [0x000000f208300000,0x000000f208400000]
Native frames: (J=compiled Java code, j=interpreted, Vv=VM code, C=native code)
V  [jvm.dll+0x6d7a39]
V  [jvm.dll+0x8b4b26]
V  [jvm.dll+0x8b70de]
V  [jvm.dll+0x8b77c3]
V  [jvm.dll+0x284346]
V  [jvm.dll+0xc1277]
V  [jvm.dll+0x6d82e9]
V  [jvm.dll+0x1334a6]
V  [jvm.dll+0x3f857e]
V  [jvm.dll+0x85f59d]
V  [jvm.dll+0x6d626d]
C  [ucrtbase.dll+0x37b0]
C  [KERNEL32.DLL+0x2e8d7]
C  [ntdll.dll+0x8c3fc]


---------------  P R O C E S S  ---------------

Threads class SMR info:
_java_thread_list=0x000002792cbd3450, length=34, elements={
0x00000278c052d0e0, 0x00000278d6fa5900, 0x00000278d6fa91e0, 0x00000278d6faafe0,
0x00000278d6faba40, 0x00000278d6fac4a0, 0x00000278d6facf00, 0x00000278d6fadd40,
0x00000279198c8ec0, 0x0000027919a85030, 0x0000027919aa2a00, 0x000002791e364fc0,
0x000002791e7d4ec0, 0x000002791e654210, 0x000002791e53c280, 0x000002791ea18c50,
0x000002791f0d4b20, 0x000002791e0d4620, 0x000002791f307af0, 0x000002791f30a250,
0x000002791f309530, 0x000002791f308810, 0x00000279205632d0, 0x0000027920562c40,
0x0000027920563960, 0x0000027920564680, 0x00000279205625b0, 0x0000027920563ff0,
0x0000027920561200, 0x0000027920564d10, 0x0000027920561f20, 0x0000027920568190,
0x0000027920eb7f80, 0x0000027920ebb400
}

Java Threads: ( => current thread )
  0x00000278c052d0e0 JavaThread "main"                              [_thread_blocked, id=25932, stack(0x000000f207c00000,0x000000f207d00000) (1024K)]
  0x00000278d6fa5900 JavaThread "Reference Handler"          daemon [_thread_blocked, id=17536, stack(0x000000f208000000,0x000000f208100000) (1024K)]
  0x00000278d6fa91e0 JavaThread "Finalizer"                  daemon [_thread_blocked, id=3152, stack(0x000000f208100000,0x000000f208200000) (1024K)]
  0x00000278d6faafe0 JavaThread "Signal Dispatcher"          daemon [_thread_blocked, id=12928, stack(0x000000f208200000,0x000000f208300000) (1024K)]
=>0x00000278d6faba40 JavaThread "Attach Listener"            daemon [_thread_in_vm, id=23192, stack(0x000000f208300000,0x000000f208400000) (1024K)]
  0x00000278d6fac4a0 JavaThread "Service Thread"             daemon [_thread_blocked, id=8788, stack(0x000000f208400000,0x000000f208500000) (1024K)]
  0x00000278d6facf00 JavaThread "Monitor Deflation Thread"   daemon [_thread_blocked, id=17804, stack(0x000000f208500000,0x000000f208600000) (1024K)]
  0x00000278d6fadd40 JavaThread "C2 CompilerThread0"         daemon [_thread_blocked, id=15552, stack(0x000000f208600000,0x000000f208700000) (1024K)]
  0x00000279198c8ec0 JavaThread "C1 CompilerThread0"         daemon [_thread_blocked, id=11036, stack(0x000000f208700000,0x000000f208800000) (1024K)]
  0x0000027919a85030 JavaThread "Common-Cleaner"             daemon [_thread_blocked, id=13916, stack(0x000000f208800000,0x000000f208900000) (1024K)]
  0x0000027919aa2a00 JavaThread "Notification Thread"        daemon [_thread_blocked, id=4472, stack(0x000000f208a00000,0x000000f208b00000) (1024K)]
  0x000002791e364fc0 JavaThread "Active Thread: Equinox Container: d6fa53c6-8ffb-49c8-a096-66fb774a6721"        [_thread_blocked, id=640, stack(0x000000f209100000,0x000000f209200000) (1024K)]
  0x000002791e7d4ec0 JavaThread "Refresh Thread: Equinox Container: d6fa53c6-8ffb-49c8-a096-66fb774a6721" daemon [_thread_blocked, id=29580, stack(0x000000f209300000,0x000000f209400000) (1024K)]
  0x000002791e654210 JavaThread "Framework Event Dispatcher: Equinox Container: d6fa53c6-8ffb-49c8-a096-66fb774a6721" daemon [_thread_blocked, id=19700, stack(0x000000f209400000,0x000000f209500000) (1024K)]
  0x000002791e53c280 JavaThread "Start Level: Equinox Container: d6fa53c6-8ffb-49c8-a096-66fb774a6721" daemon [_thread_blocked, id=28992, stack(0x000000f209500000,0x000000f209600000) (1024K)]
  0x000002791ea18c50 JavaThread "Bundle File Closer"         daemon [_thread_blocked, id=2408, stack(0x000000f209600000,0x000000f209700000) (1024K)]
  0x000002791f0d4b20 JavaThread "SCR Component Actor"        daemon [_thread_blocked, id=20940, stack(0x000000f208900000,0x000000f208a00000) (1024K)]
  0x000002791e0d4620 JavaThread "Worker-JM"                         [_thread_blocked, id=18412, stack(0x000000f209800000,0x000000f209900000) (1024K)]
  0x000002791f307af0 JavaThread "JNA Cleaner"                daemon [_thread_blocked, id=15136, stack(0x000000f209700000,0x000000f209800000) (1024K)]
  0x000002791f30a250 JavaThread "Java indexing"              daemon [_thread_blocked, id=18364, stack(0x000000f209d00000,0x000000f209e00000) (1024K)]
  0x000002791f309530 JavaThread "Thread-1"                   daemon [_thread_in_native, id=25828, stack(0x000000f20a300000,0x000000f20a400000) (1024K)]
  0x000002791f308810 JavaThread "Thread-2"                   daemon [_thread_in_native, id=5152, stack(0x000000f20a400000,0x000000f20a500000) (1024K)]
  0x00000279205632d0 JavaThread "Thread-3"                   daemon [_thread_in_native, id=24960, stack(0x000000f20a500000,0x000000f20a600000) (1024K)]
  0x0000027920562c40 JavaThread "Thread-4"                   daemon [_thread_in_native, id=15808, stack(0x000000f20a600000,0x000000f20a700000) (1024K)]
  0x0000027920563960 JavaThread "Thread-5"                   daemon [_thread_in_native, id=27096, stack(0x000000f20a700000,0x000000f20a800000) (1024K)]
  0x0000027920564680 JavaThread "Thread-6"                   daemon [_thread_in_native, id=23720, stack(0x000000f20a800000,0x000000f20a900000) (1024K)]
  0x00000279205625b0 JavaThread "Thread-7"                   daemon [_thread_in_native, id=10208, stack(0x000000f20a900000,0x000000f20aa00000) (1024K)]
  0x0000027920563ff0 JavaThread "Thread-8"                   daemon [_thread_in_native, id=11316, stack(0x000000f20aa00000,0x000000f20ab00000) (1024K)]
  0x0000027920561200 JavaThread "Thread-9"                   daemon [_thread_in_native, id=9204, stack(0x000000f20ab00000,0x000000f20ac00000) (1024K)]
  0x0000027920564d10 JavaThread "pool-2-thread-1"                   [_thread_blocked, id=20252, stack(0x000000f20ac00000,0x000000f20ad00000) (1024K)]
  0x0000027920561f20 JavaThread "WorkspaceEventsHandler"            [_thread_blocked, id=4132, stack(0x000000f20ad00000,0x000000f20ae00000) (1024K)]
  0x0000027920568190 JavaThread "pool-1-thread-1"                   [_thread_blocked, id=21324, stack(0x000000f20ae00000,0x000000f20af00000) (1024K)]
  0x0000027920eb7f80 JavaThread "Worker-47"                         [_thread_blocked, id=10764, stack(0x000000f207a00000,0x000000f207b00000) (1024K)]
  0x0000027920ebb400 JavaThread "Worker-53"                         [_thread_blocked, id=12036, stack(0x000000f209900000,0x000000f209a00000) (1024K)]
Total: 34

Other Threads:
  0x00000278c05ee8c0 VMThread "VM Thread"                           [id=21140, stack(0x000000f207f00000,0x000000f208000000) (1024K)]
  0x00000278c0599860 WatcherThread "VM Periodic Task Thread"        [id=8748, stack(0x000000f207e00000,0x000000f207f00000) (1024K)]
  0x00000278c054b530 WorkerThread "GC Thread#0"                     [id=21988, stack(0x000000f207d00000,0x000000f207e00000) (1024K)]
  0x000002791e0f37c0 WorkerThread "GC Thread#1"                     [id=4168, stack(0x000000f208b00000,0x000000f208c00000) (1024K)]
  0x000002791e6e1e60 WorkerThread "GC Thread#2"                     [id=12240, stack(0x000000f208c00000,0x000000f208d00000) (1024K)]
  0x000002791e23f500 WorkerThread "GC Thread#3"                     [id=1388, stack(0x000000f208d00000,0x000000f208e00000) (1024K)]
  0x000002791e23f8b0 WorkerThread "GC Thread#4"                     [id=3336, stack(0x000000f208e00000,0x000000f208f00000) (1024K)]
  0x000002791e5dbb50 WorkerThread "GC Thread#5"                     [id=11920, stack(0x000000f208f00000,0x000000f209000000) (1024K)]
  0x000002791e5dbf00 WorkerThread "GC Thread#6"                     [id=23656, stack(0x000000f209000000,0x000000f209100000) (1024K)]
  0x000002791e6e17e0 WorkerThread "GC Thread#7"                     [id=28368, stack(0x000000f209200000,0x000000f209300000) (1024K)]
Total: 10

Threads with active compile tasks:
Total: 0

VM state: not at safepoint (normal execution)

VM Mutex/Monitor currently owned by a thread: None

Heap address: 0x0000000080000000, size: 2048 MB, Compressed Oops mode: 32-bit

CDS archive(s) mapped at: [0x00000278d7000000-0x00000278d7ba0000-0x00000278d7ba0000), size 12189696, SharedBaseAddress: 0x00000278d7000000, ArchiveRelocationMode: 1.
Compressed class space mapped at: 0x00000278d8000000-0x0000027918000000, reserved size: 1073741824
Narrow klass base: 0x00000278d7000000, Narrow klass shift: 0, Narrow klass range: 0x100000000

GC Precious Log:
 CardTable entry size: 512
 CPUs: 8 total, 8 available
 Memory: 7975M
 Large Page Support: Disabled
 NUMA Support: Disabled
 Compressed Oops: Enabled (32-bit)
 Alignments: Space 512K, Generation 512K, Heap 2M
 Heap Min Capacity: 100M
 Heap Initial Capacity: 100M
 Heap Max Capacity: 2G
 Pre-touch: Disabled
 Parallel Workers: 8

Heap:
 PSYoungGen      total 7168K, used 6729K [0x00000000d5580000, 0x00000000d6480000, 0x0000000100000000)
  eden space 6144K, 98% used [0x00000000d5580000,0x00000000d5b66688,0x00000000d5b80000)
  from space 1024K, 67% used [0x00000000d5b80000,0x00000000d5c2c010,0x00000000d5c80000)
  to   space 3584K, 0% used [0x00000000d6100000,0x00000000d6100000,0x00000000d6480000)
 ParOldGen       total 832512K, used 832107K [0x0000000080000000, 0x00000000b2d00000, 0x00000000d5580000)
  object space 832512K, 99% used [0x0000000080000000,0x00000000b2c9af00,0x00000000b2d00000)
 Metaspace       used 88639K, committed 90432K, reserved 1179648K
  class space    used 8813K, committed 9664K, reserved 1048576K

Card table byte_map: [0x00000278bfed0000,0x00000278c02e0000] _byte_map_base: 0x00000278bfad0000

Marking Bits: (ParMarkBitMap*) 0x00007ffba26f3450
 Begin Bits: [0x00000278d29e0000, 0x00000278d49e0000)
 End Bits:   [0x00000278d49e0000, 0x00000278d69e0000)

Polling page: 0x00000278be3d0000

Metaspace:

Usage:
  Non-class:     77.95 MB used.
      Class:      8.61 MB used.
       Both:     86.56 MB used.

Virtual space:
  Non-class space:      128.00 MB reserved,      78.88 MB ( 62%) committed,  2 nodes.
      Class space:        1.00 GB reserved,       9.44 MB ( <1%) committed,  1 nodes.
             Both:        1.12 GB reserved,      88.31 MB (  8%) committed. 

Chunk freelists:
   Non-Class:  848.00 KB
       Class:  6.41 MB
        Both:  7.23 MB

MaxMetaspaceSize: unlimited
CompressedClassSpaceSize: 1.00 GB
Initial GC threshold: 21.00 MB
Current GC threshold: 141.88 MB
CDS: on
 - commit_granule_bytes: 65536.
 - commit_granule_words: 8192.
 - virtual_space_node_default_size: 8388608.
 - enlarge_chunks_in_place: 1.
 - use_allocation_guard: 0.


Internal statistics:

num_allocs_failed_limit: 9.
num_arena_births: 1884.
num_arena_deaths: 560.
num_vsnodes_births: 3.
num_vsnodes_deaths: 0.
num_space_committed: 1417.
num_space_uncommitted: 3.
num_chunks_returned_to_freelist: 723.
num_chunks_taken_from_freelist: 6491.
num_chunk_merges: 202.
num_chunk_splits: 3676.
num_chunks_enlarged: 2077.
num_inconsistent_stats: 0.

CodeHeap 'non-profiled nmethods': size=120000Kb used=31196Kb max_used=31196Kb free=88804Kb
 bounds [0x00000278cb200000, 0x00000278cd080000, 0x00000278d2730000]
CodeHeap 'profiled nmethods': size=120000Kb used=49234Kb max_used=49234Kb free=70765Kb
 bounds [0x00000278c3730000, 0x00000278c6770000, 0x00000278cac60000]
CodeHeap 'non-nmethods': size=5760Kb used=1509Kb max_used=1605Kb free=4250Kb
 bounds [0x00000278cac60000, 0x00000278caed0000, 0x00000278cb200000]
CodeCache: size=245760Kb, used=81939Kb, max_used=82035Kb, free=163819Kb
 total_blobs=20620, nmethods=19802, adapters=718, full_count=0
Compilation: enabled, stopped_count=0, restarted_count=0

Compilation events (20 events):
Event: 16341.412 Thread 0x00000279198c8ec0 26826       3       org.eclipse.core.internal.events.BuildCommand::supportsConfigs (87 bytes)
Event: 16341.465 Thread 0x00000279198c8ec0 nmethod 26826 0x00000278c55e1b90 code [0x00000278c55e1e80, 0x00000278c55e3088]
Event: 16341.814 Thread 0x00000279198c8ec0 26827   !   3       org.eclipse.jdt.internal.core.JavaProject::getCycleMarker (91 bytes)
Event: 16341.957 Thread 0x00000279198c8ec0 nmethod 26827 0x00000278c55dfb10 code [0x00000278c55dfe00, 0x00000278c55e1100]
Event: 16341.963 Thread 0x00000279198c8ec0 26828       3       org.eclipse.jdt.ls.core.internal.handlers.ProgressReporterManager$ProgressReporter::formatMessage (53 bytes)
Event: 16341.987 Thread 0x00000279198c8ec0 nmethod 26828 0x00000278c60f4b10 code [0x00000278c60f4de0, 0x00000278c60f5d10]
Event: 16341.987 Thread 0x00000279198c8ec0 26829       3       org.eclipse.lsp4j.WorkDoneProgressReport::getKind (4 bytes)
Event: 16341.990 Thread 0x00000279198c8ec0 nmethod 26829 0x00000278c4c26010 code [0x00000278c4c261a0, 0x00000278c4c262b8]
Event: 16342.144 Thread 0x00000279198c8ec0 26830       3       org.eclipse.core.internal.resources.SaveManager::snapshotIfNeeded (154 bytes)
Event: 16342.175 Thread 0x00000279198c8ec0 nmethod 26830 0x00000278c60f3790 code [0x00000278c60f3a40, 0x00000278c60f46c0]
Event: 16342.175 Thread 0x00000279198c8ec0 26831       3       org.eclipse.core.internal.events.AutoBuildJob::computeScheduleDelay (27 bytes)
Event: 16342.177 Thread 0x00000279198c8ec0 nmethod 26831 0x00000278c55df590 code [0x00000278c55df740, 0x00000278c55df9e0]
Event: 16812.285 Thread 0x00000279198c8ec0 26832   !   3       java.util.concurrent.locks.AbstractQueuedSynchronizer::acquire (424 bytes)
Event: 16812.456 Thread 0x00000279198c8ec0 nmethod 26832 0x00000278c60f1410 code [0x00000278c60f17a0, 0x00000278c60f2f88]
Event: 18850.839 Thread 0x00000279198c8ec0 26833   !   3       jdk.internal.ref.PhantomCleanable::isListEmpty (34 bytes)
Event: 18850.862 Thread 0x00000279198c8ec0 nmethod 26833 0x00000278c52b6a90 code [0x00000278c52b6c40, 0x00000278c52b6e98]
Event: 18850.863 Thread 0x00000279198c8ec0 26834       3       jdk.internal.misc.InnocuousThread::eraseThreadLocals (23 bytes)
Event: 18850.874 Thread 0x00000279198c8ec0 nmethod 26834 0x00000278c4dc4690 code [0x00000278c4dc4820, 0x00000278c4dc4988]
Event: 19015.561 Thread 0x00000279198c8ec0 26835       3       org.eclipse.core.runtime.jobs.Job::<init> (6 bytes)
Event: 19015.572 Thread 0x00000279198c8ec0 nmethod 26835 0x00000278c4e16610 code [0x00000278c4e167c0, 0x00000278c4e168f8]

GC Heap History (20 events):
Event: 16042.236 GC heap before
{Heap before GC invocations=3100 (full 6):
 PSYoungGen      total 11264K, used 10464K [0x00000000d5580000, 0x00000000d6180000, 0x0000000100000000)
  eden space 10240K, 99% used [0x00000000d5580000,0x00000000d5f68040,0x00000000d5f80000)
  from space 1024K, 31% used [0x00000000d6000000,0x00000000d6050000,0x00000000d6100000)
  to   space 512K, 0% used [0x00000000d6100000,0x00000000d6100000,0x00000000d6180000)
 ParOldGen       total 816128K, used 816043K [0x0000000080000000, 0x00000000b1d00000, 0x00000000d5580000)
  object space 816128K, 99% used [0x0000000080000000,0x00000000b1ceafe0,0x00000000b1d00000)
 Metaspace       used 88448K, committed 90240K, reserved 1179648K
  class space    used 8796K, committed 9664K, reserved 1048576K
}
Event: 16042.239 GC heap after
{Heap after GC invocations=3100 (full 6):
 PSYoungGen      total 10752K, used 192K [0x00000000d5580000, 0x00000000d6180000, 0x0000000100000000)
  eden space 10240K, 0% used [0x00000000d5580000,0x00000000d5580000,0x00000000d5f80000)
  from space 512K, 37% used [0x00000000d6100000,0x00000000d6130000,0x00000000d6180000)
  to   space 512K, 0% used [0x00000000d6080000,0x00000000d6080000,0x00000000d6100000)
 ParOldGen       total 816640K, used 816259K [0x0000000080000000, 0x00000000b1d80000, 0x00000000d5580000)
  object space 816640K, 99% used [0x0000000080000000,0x00000000b1d20fe0,0x00000000b1d80000)
 Metaspace       used 88448K, committed 90240K, reserved 1179648K
  class space    used 8796K, committed 9664K, reserved 1048576K
}
Event: 16042.375 GC heap before
{Heap before GC invocations=3101 (full 6):
 PSYoungGen      total 10752K, used 10432K [0x00000000d5580000, 0x00000000d6180000, 0x0000000100000000)
  eden space 10240K, 100% used [0x00000000d5580000,0x00000000d5f80000,0x00000000d5f80000)
  from space 512K, 37% used [0x00000000d6100000,0x00000000d6130000,0x00000000d6180000)
  to   space 512K, 0% used [0x00000000d6080000,0x00000000d6080000,0x00000000d6100000)
 ParOldGen       total 816640K, used 816259K [0x0000000080000000, 0x00000000b1d80000, 0x00000000d5580000)
  object space 816640K, 99% used [0x0000000080000000,0x00000000b1d20fe0,0x00000000b1d80000)
 Metaspace       used 88466K, committed 90304K, reserved 1179648K
  class space    used 8796K, committed 9664K, reserved 1048576K
}
Event: 16042.378 GC heap after
{Heap after GC invocations=3101 (full 6):
 PSYoungGen      total 10752K, used 496K [0x00000000d5580000, 0x00000000d6180000, 0x0000000100000000)
  eden space 10240K, 0% used [0x00000000d5580000,0x00000000d5580000,0x00000000d5f80000)
  from space 512K, 96% used [0x00000000d6080000,0x00000000d60fc030,0x00000000d6100000)
  to   space 512K, 0% used [0x00000000d6100000,0x00000000d6100000,0x00000000d6180000)
 ParOldGen       total 816640K, used 816395K [0x0000000080000000, 0x00000000b1d80000, 0x00000000d5580000)
  object space 816640K, 99% used [0x0000000080000000,0x00000000b1d42fe0,0x00000000b1d80000)
 Metaspace       used 88466K, committed 90304K, reserved 1179648K
  class space    used 8796K, committed 9664K, reserved 1048576K
}
Event: 16042.428 GC heap before
{Heap before GC invocations=3102 (full 6):
 PSYoungGen      total 10752K, used 10736K [0x00000000d5580000, 0x00000000d6180000, 0x0000000100000000)
  eden space 10240K, 100% used [0x00000000d5580000,0x00000000d5f80000,0x00000000d5f80000)
  from space 512K, 96% used [0x00000000d6080000,0x00000000d60fc030,0x00000000d6100000)
  to   space 512K, 0% used [0x00000000d6100000,0x00000000d6100000,0x00000000d6180000)
 ParOldGen       total 816640K, used 816395K [0x0000000080000000, 0x00000000b1d80000, 0x00000000d5580000)
  object space 816640K, 99% used [0x0000000080000000,0x00000000b1d42fe0,0x00000000b1d80000)
 Metaspace       used 88466K, committed 90304K, reserved 1179648K
  class space    used 8796K, committed 9664K, reserved 1048576K
}
Event: 16042.432 GC heap after
{Heap after GC invocations=3102 (full 6):
 PSYoungGen      total 9216K, used 481K [0x00000000d5580000, 0x00000000d6580000, 0x0000000100000000)
  eden space 8704K, 0% used [0x00000000d5580000,0x00000000d5580000,0x00000000d5e00000)
  from space 512K, 93% used [0x00000000d6100000,0x00000000d6178490,0x00000000d6180000)
  to   space 3072K, 0% used [0x00000000d5e00000,0x00000000d5e00000,0x00000000d6100000)
 ParOldGen       total 818688K, used 818504K [0x0000000080000000, 0x00000000b1f80000, 0x00000000d5580000)
  object space 818688K, 99% used [0x0000000080000000,0x00000000b1f52250,0x00000000b1f80000)
 Metaspace       used 88466K, committed 90304K, reserved 1179648K
  class space    used 8796K, committed 9664K, reserved 1048576K
}
Event: 16042.568 GC heap before
{Heap before GC invocations=3103 (full 6):
 PSYoungGen      total 9216K, used 9185K [0x00000000d5580000, 0x00000000d6580000, 0x0000000100000000)
  eden space 8704K, 100% used [0x00000000d5580000,0x00000000d5e00000,0x00000000d5e00000)
  from space 512K, 93% used [0x00000000d6100000,0x00000000d6178490,0x00000000d6180000)
  to   space 3072K, 0% used [0x00000000d5e00000,0x00000000d5e00000,0x00000000d6100000)
 ParOldGen       total 818688K, used 818504K [0x0000000080000000, 0x00000000b1f80000, 0x00000000d5580000)
  object space 818688K, 99% used [0x0000000080000000,0x00000000b1f52250,0x00000000b1f80000)
 Metaspace       used 88466K, committed 90304K, reserved 1179648K
  class space    used 8796K, committed 9664K, reserved 1048576K
}
Event: 16042.571 GC heap after
{Heap after GC invocations=3103 (full 6):
 PSYoungGen      total 9216K, used 224K [0x00000000d5580000, 0x00000000d6180000, 0x0000000100000000)
  eden space 8704K, 0% used [0x00000000d5580000,0x00000000d5580000,0x00000000d5e00000)
  from space 512K, 43% used [0x00000000d5e00000,0x00000000d5e38000,0x00000000d5e80000)
  to   space 1536K, 0% used [0x00000000d6000000,0x00000000d6000000,0x00000000d6180000)
 ParOldGen       total 818688K, used 818552K [0x0000000080000000, 0x00000000b1f80000, 0x00000000d5580000)
  object space 818688K, 99% used [0x0000000080000000,0x00000000b1f5e250,0x00000000b1f80000)
 Metaspace       used 88466K, committed 90304K, reserved 1179648K
  class space    used 8796K, committed 9664K, reserved 1048576K
}
Event: 16043.499 GC heap before
{Heap before GC invocations=3104 (full 6):
 PSYoungGen      total 9216K, used 8911K [0x00000000d5580000, 0x00000000d6180000, 0x0000000100000000)
  eden space 8704K, 99% used [0x00000000d5580000,0x00000000d5dfbc50,0x00000000d5e00000)
  from space 512K, 43% used [0x00000000d5e00000,0x00000000d5e38000,0x00000000d5e80000)
  to   space 1536K, 0% used [0x00000000d6000000,0x00000000d6000000,0x00000000d6180000)
 ParOldGen       total 818688K, used 818552K [0x0000000080000000, 0x00000000b1f80000, 0x00000000d5580000)
  object space 818688K, 99% used [0x0000000080000000,0x00000000b1f5e250,0x00000000b1f80000)
 Metaspace       used 88467K, committed 90304K, reserved 1179648K
  class space    used 8796K, committed 9664K, reserved 1048576K
}
Event: 16043.504 GC heap after
{Heap after GC invocations=3104 (full 6):
 PSYoungGen      total 10240K, used 1254K [0x00000000d5580000, 0x00000000d6180000, 0x0000000100000000)
  eden space 8704K, 0% used [0x00000000d5580000,0x00000000d5580000,0x00000000d5e00000)
  from space 1536K, 81% used [0x00000000d6000000,0x00000000d6139ae0,0x00000000d6180000)
  to   space 1536K, 0% used [0x00000000d5e80000,0x00000000d5e80000,0x00000000d6000000)
 ParOldGen       total 818688K, used 818608K [0x0000000080000000, 0x00000000b1f80000, 0x00000000d5580000)
  object space 818688K, 99% used [0x0000000080000000,0x00000000b1f6c250,0x00000000b1f80000)
 Metaspace       used 88467K, committed 90304K, reserved 1179648K
  class space    used 8796K, committed 9664K, reserved 1048576K
}
Event: 16043.682 GC heap before
{Heap before GC invocations=3105 (full 6):
 PSYoungGen      total 10240K, used 9958K [0x00000000d5580000, 0x00000000d6180000, 0x0000000100000000)
  eden space 8704K, 99% used [0x00000000d5580000,0x00000000d5dffff0,0x00000000d5e00000)
  from space 1536K, 81% used [0x00000000d6000000,0x00000000d6139ae0,0x00000000d6180000)
  to   space 1536K, 0% used [0x00000000d5e80000,0x00000000d5e80000,0x00000000d6000000)
 ParOldGen       total 818688K, used 818608K [0x0000000080000000, 0x00000000b1f80000, 0x00000000d5580000)
  object space 818688K, 99% used [0x0000000080000000,0x00000000b1f6c250,0x00000000b1f80000)
 Metaspace       used 88467K, committed 90304K, reserved 1179648K
  class space    used 8796K, committed 9664K, reserved 1048576K
}
Event: 16043.692 GC heap after
{Heap after GC invocations=3105 (full 6):
 PSYoungGen      total 10240K, used 1534K [0x00000000d5580000, 0x00000000d6d00000, 0x0000000100000000)
  eden space 8704K, 0% used [0x00000000d5580000,0x00000000d5580000,0x00000000d5e00000)
  from space 1536K, 99% used [0x00000000d5e80000,0x00000000d5fff990,0x00000000d6000000)
  to   space 7680K, 0% used [0x00000000d6580000,0x00000000d6580000,0x00000000d6d00000)
 ParOldGen       total 823808K, used 823692K [0x0000000080000000, 0x00000000b2480000, 0x00000000d5580000)
  object space 823808K, 99% used [0x0000000080000000,0x00000000b2463370,0x00000000b2480000)
 Metaspace       used 88467K, committed 90304K, reserved 1179648K
  class space    used 8796K, committed 9664K, reserved 1048576K
}
Event: 16043.809 GC heap before
{Heap before GC invocations=3106 (full 6):
 PSYoungGen      total 10240K, used 10238K [0x00000000d5580000, 0x00000000d6d00000, 0x0000000100000000)
  eden space 8704K, 100% used [0x00000000d5580000,0x00000000d5e00000,0x00000000d5e00000)
  from space 1536K, 99% used [0x00000000d5e80000,0x00000000d5fff990,0x00000000d6000000)
  to   space 7680K, 0% used [0x00000000d6580000,0x00000000d6580000,0x00000000d6d00000)
 ParOldGen       total 823808K, used 823692K [0x0000000080000000, 0x00000000b2480000, 0x00000000d5580000)
  object space 823808K, 99% used [0x0000000080000000,0x00000000b2463370,0x00000000b2480000)
 Metaspace       used 88467K, committed 90304K, reserved 1179648K
  class space    used 8796K, committed 9664K, reserved 1048576K
}
Event: 16043.816 GC heap after
{Heap after GC invocations=3106 (full 6):
 PSYoungGen      total 10240K, used 1184K [0x00000000d5580000, 0x00000000d6700000, 0x0000000100000000)
  eden space 8704K, 0% used [0x00000000d5580000,0x00000000d5580000,0x00000000d5e00000)
  from space 1536K, 77% used [0x00000000d6580000,0x00000000d66a8000,0x00000000d6700000)
  to   space 3584K, 0% used [0x00000000d6000000,0x00000000d6000000,0x00000000d6380000)
 ParOldGen       total 825344K, used 825214K [0x0000000080000000, 0x00000000b2600000, 0x00000000d5580000)
  object space 825344K, 99% used [0x0000000080000000,0x00000000b25df850,0x00000000b2600000)
 Metaspace       used 88467K, committed 90304K, reserved 1179648K
  class space    used 8796K, committed 9664K, reserved 1048576K
}
Event: 16044.041 GC heap before
{Heap before GC invocations=3107 (full 6):
 PSYoungGen      total 10240K, used 9887K [0x00000000d5580000, 0x00000000d6700000, 0x0000000100000000)
  eden space 8704K, 99% used [0x00000000d5580000,0x00000000d5dfffe0,0x00000000d5e00000)
  from space 1536K, 77% used [0x00000000d6580000,0x00000000d66a8000,0x00000000d6700000)
  to   space 3584K, 0% used [0x00000000d6000000,0x00000000d6000000,0x00000000d6380000)
 ParOldGen       total 825344K, used 825214K [0x0000000080000000, 0x00000000b2600000, 0x00000000d5580000)
  object space 825344K, 99% used [0x0000000080000000,0x00000000b25df850,0x00000000b2600000)
 Metaspace       used 88471K, committed 90304K, reserved 1179648K
  class space    used 8796K, committed 9664K, reserved 1048576K
}
Event: 16044.046 GC heap after
{Heap after GC invocations=3107 (full 6):
 PSYoungGen      total 12288K, used 1600K [0x00000000d5580000, 0x00000000d6600000, 0x0000000100000000)
  eden space 8704K, 0% used [0x00000000d5580000,0x00000000d5580000,0x00000000d5e00000)
  from space 3584K, 44% used [0x00000000d6000000,0x00000000d6190020,0x00000000d6380000)
  to   space 2048K, 0% used [0x00000000d6400000,0x00000000d6400000,0x00000000d6600000)
 ParOldGen       total 826368K, used 826230K [0x0000000080000000, 0x00000000b2700000, 0x00000000d5580000)
  object space 826368K, 99% used [0x0000000080000000,0x00000000b26dd850,0x00000000b2700000)
 Metaspace       used 88471K, committed 90304K, reserved 1179648K
  class space    used 8796K, committed 9664K, reserved 1048576K
}
Event: 16044.123 GC heap before
{Heap before GC invocations=3108 (full 6):
 PSYoungGen      total 12288K, used 10304K [0x00000000d5580000, 0x00000000d6600000, 0x0000000100000000)
  eden space 8704K, 100% used [0x00000000d5580000,0x00000000d5e00000,0x00000000d5e00000)
  from space 3584K, 44% used [0x00000000d6000000,0x00000000d6190020,0x00000000d6380000)
  to   space 2048K, 0% used [0x00000000d6400000,0x00000000d6400000,0x00000000d6600000)
 ParOldGen       total 826368K, used 826230K [0x0000000080000000, 0x00000000b2700000, 0x00000000d5580000)
  object space 826368K, 99% used [0x0000000080000000,0x00000000b26dd850,0x00000000b2700000)
 Metaspace       used 88472K, committed 90304K, reserved 1179648K
  class space    used 8796K, committed 9664K, reserved 1048576K
}
Event: 16044.130 GC heap after
{Heap after GC invocations=3108 (full 6):
 PSYoungGen      total 8192K, used 2024K [0x00000000d5580000, 0x00000000d6f00000, 0x0000000100000000)
  eden space 6144K, 0% used [0x00000000d5580000,0x00000000d5580000,0x00000000d5b80000)
  from space 2048K, 98% used [0x00000000d6400000,0x00000000d65fa078,0x00000000d6600000)
  to   space 8704K, 0% used [0x00000000d5b80000,0x00000000d5b80000,0x00000000d6400000)
 ParOldGen       total 832000K, used 831798K [0x0000000080000000, 0x00000000b2c80000, 0x00000000d5580000)
  object space 832000K, 99% used [0x0000000080000000,0x00000000b2c4d918,0x00000000b2c80000)
 Metaspace       used 88472K, committed 90304K, reserved 1179648K
  class space    used 8796K, committed 9664K, reserved 1048576K
}
Event: 16044.259 GC heap before
{Heap before GC invocations=3109 (full 6):
 PSYoungGen      total 8192K, used 8168K [0x00000000d5580000, 0x00000000d6f00000, 0x0000000100000000)
  eden space 6144K, 100% used [0x00000000d5580000,0x00000000d5b80000,0x00000000d5b80000)
  from space 2048K, 98% used [0x00000000d6400000,0x00000000d65fa078,0x00000000d6600000)
  to   space 8704K, 0% used [0x00000000d5b80000,0x00000000d5b80000,0x00000000d6400000)
 ParOldGen       total 832000K, used 831798K [0x0000000080000000, 0x00000000b2c80000, 0x00000000d5580000)
  object space 832000K, 99% used [0x0000000080000000,0x00000000b2c4d918,0x00000000b2c80000)
 Metaspace       used 88632K, committed 90432K, reserved 1179648K
  class space    used 8813K, committed 9664K, reserved 1048576K
}
Event: 16044.263 GC heap after
{Heap after GC invocations=3109 (full 6):
 PSYoungGen      total 7168K, used 688K [0x00000000d5580000, 0x00000000d6480000, 0x0000000100000000)
  eden space 6144K, 0% used [0x00000000d5580000,0x00000000d5580000,0x00000000d5b80000)
  from space 1024K, 67% used [0x00000000d5b80000,0x00000000d5c2c010,0x00000000d5c80000)
  to   space 3584K, 0% used [0x00000000d6100000,0x00000000d6100000,0x00000000d6480000)
 ParOldGen       total 832512K, used 832107K [0x0000000080000000, 0x00000000b2d00000, 0x00000000d5580000)
  object space 832512K, 99% used [0x0000000080000000,0x00000000b2c9af00,0x00000000b2d00000)
 Metaspace       used 88632K, committed 90432K, reserved 1179648K
  class space    used 8813K, committed 9664K, reserved 1048576K
}

Dll operation events (12 events):
Event: 0.019 Loaded shared library c:\Users\Priyank Singh\.vscode\extensions\redhat.java-1.54.0-win32-x64\jre\21.0.10-win32-x86_64\bin\java.dll
Event: 0.151 Loaded shared library c:\Users\Priyank Singh\.vscode\extensions\redhat.java-1.54.0-win32-x64\jre\21.0.10-win32-x86_64\bin\zip.dll
Event: 0.174 Loaded shared library C:\Users\Priyank Singh\.vscode\extensions\redhat.java-1.54.0-win32-x64\jre\21.0.10-win32-x86_64\bin\instrument.dll
Event: 0.184 Loaded shared library C:\Users\Priyank Singh\.vscode\extensions\redhat.java-1.54.0-win32-x64\jre\21.0.10-win32-x86_64\bin\net.dll
Event: 0.187 Loaded shared library C:\Users\Priyank Singh\.vscode\extensions\redhat.java-1.54.0-win32-x64\jre\21.0.10-win32-x86_64\bin\nio.dll
Event: 0.189 Loaded shared library C:\Users\Priyank Singh\.vscode\extensions\redhat.java-1.54.0-win32-x64\jre\21.0.10-win32-x86_64\bin\zip.dll
Event: 0.217 Loaded shared library C:\Users\Priyank Singh\.vscode\extensions\redhat.java-1.54.0-win32-x64\jre\21.0.10-win32-x86_64\bin\jimage.dll
Event: 0.323 Loaded shared library c:\Users\Priyank Singh\.vscode\extensions\redhat.java-1.54.0-win32-x64\jre\21.0.10-win32-x86_64\bin\verify.dll
Event: 2.066 Loaded shared library C:\Users\Priyank Singh\AppData\Roaming\Code\User\globalStorage\redhat.java\1.54.0\config_win\org.eclipse.equinox.launcher\org.eclipse.equinox.launcher.win32.win32.x86_64_1.3.0.v20260203-2149\eclipse_11919.dll
Event: 6.378 Loaded shared library C:\Users\Priyank Singh\AppData\Local\Temp\jna--1495685051\jna6291109118698158720.dll
Event: 9.037 Loaded shared library C:\Users\Priyank Singh\.vscode\extensions\redhat.java-1.54.0-win32-x64\jre\21.0.10-win32-x86_64\bin\sunmscapi.dll
Event: 9.630 Loaded shared library C:\Users\Priyank Singh\.vscode\extensions\redhat.java-1.54.0-win32-x64\jre\21.0.10-win32-x86_64\bin\extnet.dll

Deoptimization events (20 events):
Event: 16043.375 Thread 0x0000027920eb7f80 DEOPT PACKING pc=0x00000278cb36e8a4 sp=0x000000f207afe750
Event: 16043.376 Thread 0x0000027920eb7f80 DEOPT UNPACKING pc=0x00000278cacb6da2 sp=0x000000f207afe6e8 mode 2
Event: 16043.560 Thread 0x0000027920eb7f80 Uncommon trap: trap_request=0xffffff6e fr.pc=0x00000278cd017d40 relative=0x00000000000009e0
Event: 16043.560 Thread 0x0000027920eb7f80 Uncommon trap: reason=loop_limit_check action=maybe_recompile pc=0x00000278cd017d40 method=org.eclipse.jdt.internal.compiler.util.HashtableOfModule.rehash()V @ 50 c2
Event: 16043.560 Thread 0x0000027920eb7f80 DEOPT PACKING pc=0x00000278cd017d40 sp=0x000000f207afd8e0
Event: 16043.560 Thread 0x0000027920eb7f80 DEOPT UNPACKING pc=0x00000278cacb6da2 sp=0x000000f207afd890 mode 2
Event: 16044.050 Thread 0x00000279236886a0 Uncommon trap: trap_request=0xffffffbe fr.pc=0x00000278ccd7bd04 relative=0x0000000000001e64
Event: 16044.053 Thread 0x00000279236886a0 Uncommon trap: reason=profile_predicate action=maybe_recompile pc=0x00000278ccd7bd04 method=org.eclipse.jdt.internal.compiler.lookup.ParameterizedGenericMethodBinding.computeCompatibleMethod18(Lorg/eclipse/jdt/internal/compiler/lookup/MethodBinding;[Lorg/
Event: 16044.054 Thread 0x00000279236886a0 DEOPT PACKING pc=0x00000278ccd7bd04 sp=0x000000f20b9fe8a0
Event: 16044.054 Thread 0x00000279236886a0 DEOPT UNPACKING pc=0x00000278cacb6da2 sp=0x000000f20b9fe808 mode 2
Event: 16044.056 Thread 0x00000279236886a0 Uncommon trap: trap_request=0xffffffbe fr.pc=0x00000278ccd7bd04 relative=0x0000000000001e64
Event: 16044.056 Thread 0x00000279236886a0 Uncommon trap: reason=profile_predicate action=maybe_recompile pc=0x00000278ccd7bd04 method=org.eclipse.jdt.internal.compiler.lookup.ParameterizedGenericMethodBinding.computeCompatibleMethod18(Lorg/eclipse/jdt/internal/compiler/lookup/MethodBinding;[Lorg/
Event: 16044.056 Thread 0x00000279236886a0 DEOPT PACKING pc=0x00000278ccd7bd04 sp=0x000000f20b9fe8a0
Event: 16044.056 Thread 0x00000279236886a0 DEOPT UNPACKING pc=0x00000278cacb6da2 sp=0x000000f20b9fe808 mode 2
Event: 16340.817 Thread 0x0000027920eb7f80 DEOPT PACKING pc=0x00000278c6208865 sp=0x000000f207afe7d0
Event: 16340.819 Thread 0x0000027920eb7f80 DEOPT UNPACKING pc=0x00000278cacb78e2 sp=0x000000f207afdc70 mode 0
Event: 16349.885 Thread 0x0000027920ebf5a0 Uncommon trap: trap_request=0xffffff45 fr.pc=0x00000278cbaa443c relative=0x0000000000000c3c
Event: 16349.902 Thread 0x0000027920ebf5a0 Uncommon trap: reason=unstable_if action=reinterpret pc=0x00000278cbaa443c method=java.util.concurrent.locks.AbstractQueuedSynchronizer.acquire(Ljava/util/concurrent/locks/AbstractQueuedSynchronizer$Node;IZZZJ)I @ 83 c2
Event: 16349.903 Thread 0x0000027920ebf5a0 DEOPT PACKING pc=0x00000278cbaa443c sp=0x000000f20b3ff180
Event: 16349.908 Thread 0x0000027920ebf5a0 DEOPT UNPACKING pc=0x00000278cacb6da2 sp=0x000000f20b3ff108 mode 2

Classes loaded (20 events):
Event: 6252.499 Loading class jdk/internal/module/IllegalAccessLogger
Event: 6252.499 Loading class jdk/internal/module/IllegalAccessLogger done
Event: 6252.648 Loading class jdk/internal/module/IllegalAccessLogger
Event: 6252.648 Loading class jdk/internal/module/IllegalAccessLogger done
Event: 6253.922 Loading class jdk/internal/module/IllegalAccessLogger
Event: 6253.922 Loading class jdk/internal/module/IllegalAccessLogger done
Event: 6254.071 Loading class jdk/internal/module/IllegalAccessLogger
Event: 6254.071 Loading class jdk/internal/module/IllegalAccessLogger done
Event: 13300.166 Loading class jdk/internal/module/IllegalAccessLogger
Event: 13300.167 Loading class jdk/internal/module/IllegalAccessLogger done
Event: 13300.613 Loading class jdk/internal/module/IllegalAccessLogger
Event: 13300.613 Loading class jdk/internal/module/IllegalAccessLogger done
Event: 14894.843 Loading class jdk/internal/module/IllegalAccessLogger
Event: 14894.844 Loading class jdk/internal/module/IllegalAccessLogger done
Event: 14895.854 Loading class jdk/internal/module/IllegalAccessLogger
Event: 14895.854 Loading class jdk/internal/module/IllegalAccessLogger done
Event: 16043.824 Loading class jdk/internal/module/IllegalAccessLogger
Event: 16043.825 Loading class jdk/internal/module/IllegalAccessLogger done
Event: 16044.153 Loading class jdk/internal/module/IllegalAccessLogger
Event: 16044.153 Loading class jdk/internal/module/IllegalAccessLogger done

Classes unloaded (20 events):
Event: 4796.596 Thread 0x00000278c05ee8c0 Unloading class 0x00000278d8017400 'java/lang/invoke/LambdaForm$MH+0x00000278d8017400'
Event: 4796.596 Thread 0x00000278c05ee8c0 Unloading class 0x00000278d8016400 'java/lang/invoke/LambdaForm$MH+0x00000278d8016400'
Event: 4796.597 Thread 0x00000278c05ee8c0 Unloading class 0x00000278d800d800 'java/lang/invoke/LambdaForm$MH+0x00000278d800d800'
Event: 4796.597 Thread 0x00000278c05ee8c0 Unloading class 0x00000278d800d400 'java/lang/invoke/LambdaForm$MH+0x00000278d800d400'
Event: 4796.597 Thread 0x00000278c05ee8c0 Unloading class 0x00000278d800d000 'java/lang/invoke/LambdaForm$MH+0x00000278d800d000'
Event: 4796.597 Thread 0x00000278c05ee8c0 Unloading class 0x00000278d800cc00 'java/lang/invoke/LambdaForm$MH+0x00000278d800cc00'
Event: 4796.597 Thread 0x00000278c05ee8c0 Unloading class 0x00000278d800c800 'java/lang/invoke/LambdaForm$BMH+0x00000278d800c800'
Event: 4796.597 Thread 0x00000278c05ee8c0 Unloading class 0x00000278d800c000 'java/lang/invoke/LambdaForm$DMH+0x00000278d800c000'
Event: 4796.597 Thread 0x00000278c05ee8c0 Unloading class 0x00000278d8008c00 'java/lang/invoke/LambdaForm$MH+0x00000278d8008c00'
Event: 4796.597 Thread 0x00000278c05ee8c0 Unloading class 0x00000278d8008800 'java/lang/invoke/LambdaForm$MH+0x00000278d8008800'
Event: 4796.597 Thread 0x00000278c05ee8c0 Unloading class 0x00000278d8008400 'java/lang/invoke/LambdaForm$MH+0x00000278d8008400'
Event: 4796.597 Thread 0x00000278c05ee8c0 Unloading class 0x00000278d8007000 'java/lang/invoke/LambdaForm$MH+0x00000278d8007000'
Event: 4796.597 Thread 0x00000278c05ee8c0 Unloading class 0x00000278d8006c00 'java/lang/invoke/LambdaForm$MH+0x00000278d8006c00'
Event: 4796.597 Thread 0x00000278c05ee8c0 Unloading class 0x00000278d8006800 'java/lang/invoke/LambdaForm$MH+0x00000278d8006800'
Event: 4796.597 Thread 0x00000278c05ee8c0 Unloading class 0x00000278d8006400 'java/lang/invoke/LambdaForm$MH+0x00000278d8006400'
Event: 4796.597 Thread 0x00000278c05ee8c0 Unloading class 0x00000278d8005c00 'java/lang/invoke/LambdaForm$BMH+0x00000278d8005c00'
Event: 4796.597 Thread 0x00000278c05ee8c0 Unloading class 0x00000278d8004800 'java/lang/invoke/LambdaForm$DMH+0x00000278d8004800'
Event: 4796.598 Thread 0x00000278c05ee8c0 Unloading class 0x00000278d8002400 'java/lang/invoke/LambdaForm$MH+0x00000278d8002400'
Event: 4796.598 Thread 0x00000278c05ee8c0 Unloading class 0x00000278d8002000 'java/lang/invoke/LambdaForm$MH+0x00000278d8002000'
Event: 4796.598 Thread 0x00000278c05ee8c0 Unloading class 0x00000278d8001800 'java/lang/invoke/LambdaForm$MH+0x00000278d8001800'

Classes redefined (0 events):
No events

Internal exceptions (20 events):
Event: 16340.742 Thread 0x0000027920eb7f80 Exception <a 'sun/nio/fs/WindowsException'{0x00000000d57e5bb8}> (0x00000000d57e5bb8) 
thrown [s\src\hotspot\share\prims\jni.cpp, line 520]
Event: 16340.750 Thread 0x0000027920eb7f80 Exception <a 'sun/nio/fs/WindowsException'{0x00000000d57e6350}> (0x00000000d57e6350) 
thrown [s\src\hotspot\share\prims\jni.cpp, line 520]
Event: 16340.760 Thread 0x0000027920eb7f80 Exception <a 'sun/nio/fs/WindowsException'{0x00000000d57eec60}> (0x00000000d57eec60) 
thrown [s\src\hotspot\share\prims\jni.cpp, line 520]
Event: 16340.760 Thread 0x0000027920eb7f80 Exception <a 'sun/nio/fs/WindowsException'{0x00000000d57ef3f8}> (0x00000000d57ef3f8) 
thrown [s\src\hotspot\share\prims\jni.cpp, line 520]
Event: 16340.772 Thread 0x0000027920eb7f80 Exception <a 'sun/nio/fs/WindowsException'{0x00000000d57f0940}> (0x00000000d57f0940) 
thrown [s\src\hotspot\share\prims\jni.cpp, line 520]
Event: 16340.772 Thread 0x0000027920eb7f80 Exception <a 'sun/nio/fs/WindowsException'{0x00000000d57f10d8}> (0x00000000d57f10d8) 
thrown [s\src\hotspot\share\prims\jni.cpp, line 520]
Event: 16340.777 Thread 0x0000027920eb7f80 Exception <a 'sun/nio/fs/WindowsException'{0x00000000d57f44e0}> (0x00000000d57f44e0) 
thrown [s\src\hotspot\share\prims\jni.cpp, line 520]
Event: 16340.777 Thread 0x0000027920eb7f80 Exception <a 'sun/nio/fs/WindowsException'{0x00000000d57f4c78}> (0x00000000d57f4c78) 
thrown [s\src\hotspot\share\prims\jni.cpp, line 520]
Event: 16340.787 Thread 0x0000027920eb7f80 Exception <a 'sun/nio/fs/WindowsException'{0x00000000d57f6408}> (0x00000000d57f6408) 
thrown [s\src\hotspot\share\prims\jni.cpp, line 520]
Event: 16340.787 Thread 0x0000027920eb7f80 Exception <a 'sun/nio/fs/WindowsException'{0x00000000d57f6ba0}> (0x00000000d57f6ba0) 
thrown [s\src\hotspot\share\prims\jni.cpp, line 520]
Event: 16340.792 Thread 0x0000027920eb7f80 Exception <a 'sun/nio/fs/WindowsException'{0x00000000d57f8358}> (0x00000000d57f8358) 
thrown [s\src\hotspot\share\prims\jni.cpp, line 520]
Event: 16340.792 Thread 0x0000027920eb7f80 Exception <a 'sun/nio/fs/WindowsException'{0x00000000d57f8af0}> (0x00000000d57f8af0) 
thrown [s\src\hotspot\share\prims\jni.cpp, line 520]
Event: 16340.802 Thread 0x0000027920eb7f80 Exception <a 'sun/nio/fs/WindowsException'{0x00000000d57fa198}> (0x00000000d57fa198) 
thrown [s\src\hotspot\share\prims\jni.cpp, line 520]
Event: 16340.802 Thread 0x0000027920eb7f80 Exception <a 'sun/nio/fs/WindowsException'{0x00000000d57fa930}> (0x00000000d57fa930) 
thrown [s\src\hotspot\share\prims\jni.cpp, line 520]
Event: 16340.809 Thread 0x0000027920eb7f80 Exception <a 'sun/nio/fs/WindowsException'{0x00000000d57fbd68}> (0x00000000d57fbd68) 
thrown [s\src\hotspot\share\prims\jni.cpp, line 520]
Event: 16340.809 Thread 0x0000027920eb7f80 Exception <a 'sun/nio/fs/WindowsException'{0x00000000d57fc500}> (0x00000000d57fc500) 
thrown [s\src\hotspot\share\prims\jni.cpp, line 520]
Event: 16340.812 Thread 0x0000027920eb7f80 Exception <a 'sun/nio/fs/WindowsException'{0x00000000d57fd938}> (0x00000000d57fd938) 
thrown [s\src\hotspot\share\prims\jni.cpp, line 520]
Event: 16340.812 Thread 0x0000027920eb7f80 Exception <a 'sun/nio/fs/WindowsException'{0x00000000d57fe0d0}> (0x00000000d57fe0d0) 
thrown [s\src\hotspot\share\prims\jni.cpp, line 520]
Event: 16340.922 Thread 0x0000027920eb7f80 Exception <a 'sun/nio/fs/WindowsException'{0x00000000d5801568}> (0x00000000d5801568) 
thrown [s\src\hotspot\share\prims\jni.cpp, line 520]
Event: 16340.922 Thread 0x0000027920eb7f80 Exception <a 'sun/nio/fs/WindowsException'{0x00000000d5801f88}> (0x00000000d5801f88) 
thrown [s\src\hotspot\share\prims\jni.cpp, line 520]

ZGC Phase Switch (0 events):
No events

VM Operations (20 events):
Event: 19033.447 Executing non-safepoint VM operation: HandshakeAllThreads (HandshakeForDeflation)
Event: 19033.456 Executing non-safepoint VM operation: HandshakeAllThreads (HandshakeForDeflation) done
Event: 19033.456 Executing non-safepoint VM operation: RendezvousGCThreads
Event: 19033.456 Executing non-safepoint VM operation: RendezvousGCThreads done
Event: 19093.608 Executing non-safepoint VM operation: HandshakeAllThreads (HandshakeForDeflation)
Event: 19093.611 Executing non-safepoint VM operation: HandshakeAllThreads (HandshakeForDeflation) done
Event: 19093.611 Executing non-safepoint VM operation: RendezvousGCThreads
Event: 19093.611 Executing non-safepoint VM operation: RendezvousGCThreads done
Event: 19153.740 Executing non-safepoint VM operation: HandshakeAllThreads (HandshakeForDeflation)
Event: 19153.741 Executing non-safepoint VM operation: HandshakeAllThreads (HandshakeForDeflation) done
Event: 19153.742 Executing non-safepoint VM operation: RendezvousGCThreads
Event: 19153.742 Executing non-safepoint VM operation: RendezvousGCThreads done
Event: 19694.635 Executing non-safepoint VM operation: HandshakeAllThreads (HandshakeForDeflation)
Event: 19694.641 Executing non-safepoint VM operation: HandshakeAllThreads (HandshakeForDeflation) done
Event: 19694.642 Executing non-safepoint VM operation: RendezvousGCThreads
Event: 19694.642 Executing non-safepoint VM operation: RendezvousGCThreads done
Event: 19754.745 Executing non-safepoint VM operation: HandshakeAllThreads (HandshakeForDeflation)
Event: 19754.757 Executing non-safepoint VM operation: HandshakeAllThreads (HandshakeForDeflation) done
Event: 19754.757 Executing non-safepoint VM operation: RendezvousGCThreads
Event: 19754.757 Executing non-safepoint VM operation: RendezvousGCThreads done

Memory protections (0 events):
No events

Nmethod flushes (20 events):
Event: 4797.140 Thread 0x00000278c05ee8c0 flushing  nmethod 0x00000278c5f01d90
Event: 4797.140 Thread 0x00000278c05ee8c0 flushing  nmethod 0x00000278c5f16010
Event: 4797.140 Thread 0x00000278c05ee8c0 flushing  nmethod 0x00000278c5fc4690
Event: 4797.140 Thread 0x00000278c05ee8c0 flushing  nmethod 0x00000278c5fc6310
Event: 4797.140 Thread 0x00000278c05ee8c0 flushing  nmethod 0x00000278c5fc6a90
Event: 4797.140 Thread 0x00000278c05ee8c0 flushing  nmethod 0x00000278c5ff8390
Event: 4797.140 Thread 0x00000278c05ee8c0 flushing  nmethod 0x00000278c5ffb010
Event: 4797.140 Thread 0x00000278c05ee8c0 flushing  nmethod 0x00000278c6044a10
Event: 4797.140 Thread 0x00000278c05ee8c0 flushing  nmethod 0x00000278c6046a90
Event: 4797.140 Thread 0x00000278c05ee8c0 flushing  nmethod 0x00000278c6048010
Event: 4797.140 Thread 0x00000278c05ee8c0 flushing  nmethod 0x00000278c60b6b90
Event: 4797.140 Thread 0x00000278c05ee8c0 flushing  nmethod 0x00000278c60e7e10
Event: 4797.140 Thread 0x00000278c05ee8c0 flushing  nmethod 0x00000278c612f610
Event: 4797.140 Thread 0x00000278c05ee8c0 flushing  nmethod 0x00000278c6136f90
Event: 4797.140 Thread 0x00000278c05ee8c0 flushing  nmethod 0x00000278c6149410
Event: 4797.140 Thread 0x00000278c05ee8c0 flushing  nmethod 0x00000278c614c510
Event: 4797.140 Thread 0x00000278c05ee8c0 flushing osr nmethod 0x00000278c6160b10
Event: 4797.141 Thread 0x00000278c05ee8c0 flushing  nmethod 0x00000278c6284590
Event: 4797.141 Thread 0x00000278c05ee8c0 flushing  nmethod 0x00000278c6296990
Event: 4797.141 Thread 0x00000278c05ee8c0 flushing  nmethod 0x00000278c6689c10

Events (20 events):
Event: 16340.952 Thread 0x000002791f546a90 Thread exited: 0x000002791f546a90
Event: 16340.952 Thread 0x0000027920eba050 Thread exited: 0x0000027920eba050
Event: 16340.952 Thread 0x0000027920ebba90 Thread exited: 0x0000027920ebba90
Event: 16340.952 Thread 0x0000027920eba6e0 Thread exited: 0x0000027920eba6e0
Event: 16340.952 Thread 0x000002791f5477b0 Thread exited: 0x000002791f5477b0
Event: 16349.934 Thread 0x0000027923688010 Thread exited: 0x0000027923688010
Event: 16349.934 Thread 0x0000027923686c60 Thread exited: 0x0000027923686c60
Event: 16349.934 Thread 0x00000279236865d0 Thread exited: 0x00000279236865d0
Event: 16349.955 Thread 0x0000027920ebf5a0 Thread exited: 0x0000027920ebf5a0
Event: 16349.955 Thread 0x0000027923684500 Thread exited: 0x0000027923684500
Event: 16350.410 Thread 0x00000279236858b0 Thread exited: 0x00000279236858b0
Event: 16350.411 Thread 0x000002792368ae00 Thread exited: 0x000002792368ae00
Event: 16350.470 Thread 0x000002792368a770 Thread exited: 0x000002792368a770
Event: 16350.471 Thread 0x000002791f543ca0 Thread exited: 0x000002791f543ca0
Event: 16350.503 Thread 0x000002791f542260 Thread exited: 0x000002791f542260
Event: 16350.532 Thread 0x00000279236872f0 Thread exited: 0x00000279236872f0
Event: 16350.565 Thread 0x0000027920eb99c0 Thread exited: 0x0000027920eb99c0
Event: 16350.582 Thread 0x000002791f5484d0 Thread exited: 0x000002791f5484d0
Event: 16410.592 Thread 0x0000027920ebdb60 Thread exited: 0x0000027920ebdb60
Event: 16470.605 Thread 0x0000027920ebce40 Thread exited: 0x0000027920ebce40


Dynamic libraries:
0x00007ff74cb60000 - 0x00007ff74cb6e000 	c:\Users\Priyank Singh\.vscode\extensions\redhat.java-1.54.0-win32-x64\jre\21.0.10-win32-x86_64\bin\java.exe
0x00007ffc65280000 - 0x00007ffc654e7000 	C:\WINDOWS\SYSTEM32\ntdll.dll
0x00007ffc63910000 - 0x00007ffc639d9000 	C:\WINDOWS\System32\KERNEL32.DLL
0x00007ffc61d80000 - 0x00007ffc62174000 	C:\WINDOWS\System32\KERNELBASE.dll
0x00007ffc62e90000 - 0x00007ffc62fdb000 	C:\WINDOWS\System32\ucrtbase.dll
0x00007ffc3ad00000 - 0x00007ffc3ad18000 	c:\Users\Priyank Singh\.vscode\extensions\redhat.java-1.54.0-win32-x64\jre\21.0.10-win32-x86_64\bin\jli.dll
0x00007ffc3a2d0000 - 0x00007ffc3a2ee000 	c:\Users\Priyank Singh\.vscode\extensions\redhat.java-1.54.0-win32-x64\jre\21.0.10-win32-x86_64\bin\VCRUNTIME140.dll
0x00007ffc64b50000 - 0x00007ffc64d15000 	C:\WINDOWS\System32\USER32.dll
0x00007ffc4a1e0000 - 0x00007ffc4a473000 	C:\WINDOWS\WinSxS\amd64_microsoft.windows.common-controls_6595b64144ccf1df_6.0.26100.8115_none_3e075c82e3354f9c\COMCTL32.dll
0x00007ffc65190000 - 0x00007ffc65239000 	C:\WINDOWS\System32\msvcrt.dll
0x00007ffc65150000 - 0x00007ffc6517b000 	C:\WINDOWS\System32\GDI32.dll
0x00007ffc62fe0000 - 0x00007ffc63007000 	C:\WINDOWS\System32\win32u.dll
0x00007ffc62380000 - 0x00007ffc624ab000 	C:\WINDOWS\System32\gdi32full.dll
0x00007ffc61b50000 - 0x00007ffc61bf3000 	C:\WINDOWS\System32\msvcp_win.dll
0x00007ffc64220000 - 0x00007ffc64252000 	C:\WINDOWS\System32\IMM32.DLL
0x00007ffc5aa60000 - 0x00007ffc5aa6c000 	c:\Users\Priyank Singh\.vscode\extensions\redhat.java-1.54.0-win32-x64\jre\21.0.10-win32-x86_64\bin\vcruntime140_1.dll
0x00007ffc0d5a0000 - 0x00007ffc0d62d000 	c:\Users\Priyank Singh\.vscode\extensions\redhat.java-1.54.0-win32-x64\jre\21.0.10-win32-x86_64\bin\msvcp140.dll
0x00007ffba1a30000 - 0x00007ffba27d1000 	c:\Users\Priyank Singh\.vscode\extensions\redhat.java-1.54.0-win32-x64\jre\21.0.10-win32-x86_64\bin\server\jvm.dll
0x00007ffc64e80000 - 0x00007ffc64f36000 	C:\WINDOWS\System32\ADVAPI32.dll
0x00007ffc65000000 - 0x00007ffc650a7000 	C:\WINDOWS\System32\sechost.dll
0x00007ffc643d0000 - 0x00007ffc644e8000 	C:\WINDOWS\System32\RPCRT4.dll
0x00007ffc650b0000 - 0x00007ffc65130000 	C:\WINDOWS\System32\WS2_32.dll
0x00007ffc619b0000 - 0x00007ffc61a0e000 	C:\WINDOWS\SYSTEM32\POWRPROF.dll
0x00007ffc4a730000 - 0x00007ffc4a766000 	C:\WINDOWS\SYSTEM32\WINMM.dll
0x00007ffc4e540000 - 0x00007ffc4e54b000 	C:\WINDOWS\SYSTEM32\VERSION.dll
0x00007ffc61990000 - 0x00007ffc619a4000 	C:\WINDOWS\SYSTEM32\UMPDC.dll
0x00007ffc608c0000 - 0x00007ffc608db000 	C:\WINDOWS\SYSTEM32\kernel.appcore.dll
0x00007ffc58810000 - 0x00007ffc5881a000 	c:\Users\Priyank Singh\.vscode\extensions\redhat.java-1.54.0-win32-x64\jre\21.0.10-win32-x86_64\bin\jimage.dll
0x00007ffc5f890000 - 0x00007ffc5fad2000 	C:\WINDOWS\SYSTEM32\DBGHELP.DLL
0x00007ffc63e90000 - 0x00007ffc64212000 	C:\WINDOWS\System32\combase.dll
0x00007ffc645f0000 - 0x00007ffc646c8000 	C:\WINDOWS\System32\OLEAUT32.dll
0x00007ffc46430000 - 0x00007ffc4646b000 	C:\WINDOWS\SYSTEM32\dbgcore.DLL
0x00007ffc62570000 - 0x00007ffc62615000 	C:\WINDOWS\System32\bcryptPrimitives.dll
0x00007ffc4e750000 - 0x00007ffc4e75f000 	c:\Users\Priyank Singh\.vscode\extensions\redhat.java-1.54.0-win32-x64\jre\21.0.10-win32-x86_64\bin\instrument.dll
0x00007ffc34a70000 - 0x00007ffc34a90000 	c:\Users\Priyank Singh\.vscode\extensions\redhat.java-1.54.0-win32-x64\jre\21.0.10-win32-x86_64\bin\java.dll
0x00007ffc63010000 - 0x00007ffc63777000 	C:\WINDOWS\System32\SHELL32.dll
0x00007ffc62210000 - 0x00007ffc6237a000 	C:\WINDOWS\System32\wintypes.dll
0x00007ffc62620000 - 0x00007ffc62e88000 	C:\WINDOWS\System32\windows.storage.dll
0x00007ffc64a50000 - 0x00007ffc64b48000 	C:\WINDOWS\System32\SHCORE.dll
0x00007ffc64310000 - 0x00007ffc64376000 	C:\WINDOWS\System32\shlwapi.dll
0x00007ffc61a70000 - 0x00007ffc61a99000 	C:\WINDOWS\SYSTEM32\profapi.dll
0x00007ffc3a2b0000 - 0x00007ffc3a2c8000 	c:\Users\Priyank Singh\.vscode\extensions\redhat.java-1.54.0-win32-x64\jre\21.0.10-win32-x86_64\bin\zip.dll
0x00007ffc4e2a0000 - 0x00007ffc4e2b0000 	C:\Users\Priyank Singh\.vscode\extensions\redhat.java-1.54.0-win32-x64\jre\21.0.10-win32-x86_64\bin\net.dll
0x00007ffc5b7e0000 - 0x00007ffc5b90d000 	C:\WINDOWS\SYSTEM32\WINHTTP.dll
0x00007ffc60e50000 - 0x00007ffc60ebc000 	C:\WINDOWS\system32\mswsock.dll
0x00007ffc30a20000 - 0x00007ffc30a36000 	C:\Users\Priyank Singh\.vscode\extensions\redhat.java-1.54.0-win32-x64\jre\21.0.10-win32-x86_64\bin\nio.dll
0x00007ffc4e260000 - 0x00007ffc4e270000 	c:\Users\Priyank Singh\.vscode\extensions\redhat.java-1.54.0-win32-x64\jre\21.0.10-win32-x86_64\bin\verify.dll
0x00007ffc0bf80000 - 0x00007ffc0bfc5000 	C:\Users\Priyank Singh\AppData\Roaming\Code\User\globalStorage\redhat.java\1.54.0\config_win\org.eclipse.equinox.launcher\org.eclipse.equinox.launcher.win32.win32.x86_64_1.3.0.v20260203-2149\eclipse_11919.dll
0x00007ffc646d0000 - 0x00007ffc64867000 	C:\WINDOWS\System32\ole32.dll
0x00007ffc61130000 - 0x00007ffc6114b000 	C:\WINDOWS\SYSTEM32\CRYPTSP.dll
0x00007ffc60820000 - 0x00007ffc60859000 	C:\WINDOWS\system32\rsaenh.dll
0x00007ffc60f00000 - 0x00007ffc60f33000 	C:\WINDOWS\SYSTEM32\USERENV.dll
0x00007ffc61a40000 - 0x00007ffc61a6a000 	C:\WINDOWS\SYSTEM32\bcrypt.dll
0x00007ffc61150000 - 0x00007ffc6115c000 	C:\WINDOWS\SYSTEM32\CRYPTBASE.dll
0x00007ffc60280000 - 0x00007ffc602b2000 	C:\WINDOWS\SYSTEM32\IPHLPAPI.DLL
0x00007ffc63800000 - 0x00007ffc6380a000 	C:\WINDOWS\System32\NSI.dll
0x00007ffc1b770000 - 0x00007ffc1b7b9000 	C:\Users\Priyank Singh\AppData\Local\Temp\jna--1495685051\jna6291109118698158720.dll
0x00007ffc65180000 - 0x00007ffc65188000 	C:\WINDOWS\System32\PSAPI.DLL
0x00007ffc5b9b0000 - 0x00007ffc5b9cd000 	C:\WINDOWS\SYSTEM32\dhcpcsvc6.DLL
0x00007ffc5b980000 - 0x00007ffc5b9a5000 	C:\WINDOWS\SYSTEM32\dhcpcsvc.DLL
0x00007ffc3aa60000 - 0x00007ffc3aa6e000 	C:\Users\Priyank Singh\.vscode\extensions\redhat.java-1.54.0-win32-x64\jre\21.0.10-win32-x86_64\bin\sunmscapi.dll
0x00007ffc61c00000 - 0x00007ffc61d77000 	C:\WINDOWS\System32\CRYPT32.dll
0x00007ffc61350000 - 0x00007ffc61380000 	C:\WINDOWS\SYSTEM32\ncrypt.dll
0x00007ffc61300000 - 0x00007ffc6133f000 	C:\WINDOWS\SYSTEM32\NTASN1.dll
0x00007ffc602d0000 - 0x00007ffc60402000 	C:\WINDOWS\SYSTEM32\DNSAPI.dll
0x00007ffc5a420000 - 0x00007ffc5a42b000 	C:\Windows\System32\rasadhlp.dll
0x00007ffc5ba70000 - 0x00007ffc5baf6000 	C:\WINDOWS\System32\fwpuclnt.dll
0x00007ffc3a2a0000 - 0x00007ffc3a2a9000 	C:\Users\Priyank Singh\.vscode\extensions\redhat.java-1.54.0-win32-x64\jre\21.0.10-win32-x86_64\bin\extnet.dll
0x00007ffc609e0000 - 0x00007ffc60a16000 	C:\WINDOWS\SYSTEM32\ntmarta.dll

JVMTI agents:
c:\Users\Priyank Singh\.vscode\extensions\redhat.java-1.54.0-win32-x64\lombok\lombok-1.18.39-4050.jar path:c:\Users\Priyank Singh\.vscode\extensions\redhat.java-1.54.0-win32-x64\jre\21.0.10-win32-x86_64\bin\instrument.dll, loaded, initialized, instrumentlib options:none

dbghelp: loaded successfully - version: 4.0.5 - missing functions: none
symbol engine: initialized successfully - sym options: 0x614 - pdb path: .;c:\Users\Priyank Singh\.vscode\extensions\redhat.java-1.54.0-win32-x64\jre\21.0.10-win32-x86_64\bin;C:\WINDOWS\SYSTEM32;C:\WINDOWS\WinSxS\amd64_microsoft.windows.common-controls_6595b64144ccf1df_6.0.26100.8115_none_3e075c82e3354f9c;c:\Users\Priyank Singh\.vscode\extensions\redhat.java-1.54.0-win32-x64\jre\21.0.10-win32-x86_64\bin\server;C:\Users\Priyank Singh\AppData\Roaming\Code\User\globalStorage\redhat.java\1.54.0\config_win\org.eclipse.equinox.launcher\org.eclipse.equinox.launcher.win32.win32.x86_64_1.3.0.v20260203-2149;C:\Users\Priyank Singh\AppData\Local\Temp\jna--1495685051

VM Arguments:
jvm_args: --add-modules=ALL-SYSTEM --add-opens=java.base/java.util=ALL-UNNAMED --add-opens=java.base/java.lang=ALL-UNNAMED --add-opens=java.base/sun.nio.fs=ALL-UNNAMED -Declipse.application=org.eclipse.jdt.ls.core.id1 -Dosgi.bundles.defaultStartLevel=4 -Declipse.product=org.eclipse.jdt.ls.core.product -Djava.import.generatesMetadataFilesAtProjectRoot=false -DDetectVMInstallationsJob.disabled=true -Dfile.encoding=utf8 -XX:+UseParallelGC -XX:GCTimeRatio=4 -XX:AdaptiveSizePolicyWeight=90 -Dsun.zip.disableMemoryMapping=true -Xmx2G -Xms100m -Xlog:disable -javaagent:c:\Users\Priyank Singh\.vscode\extensions\redhat.java-1.54.0-win32-x64\lombok\lombok-1.18.39-4050.jar -XX:+HeapDumpOnOutOfMemoryError -XX:HeapDumpPath=c:\Users\Priyank Singh\AppData\Roaming\Code\User\workspaceStorage\202945ca63545f4ea7e4daeed799ec2f\redhat.java -Daether.dependencyCollector.impl=bf 
java_command: c:\Users\Priyank Singh\.vscode\extensions\redhat.java-1.54.0-win32-x64\server\plugins\org.eclipse.equinox.launcher_1.7.100.v20251111-0406.jar -configuration c:\Users\Priyank Singh\AppData\Roaming\Code\User\globalStorage\redhat.java\1.54.0\config_win -data c:\Users\Priyank Singh\AppData\Roaming\Code\User\workspaceStorage\202945ca63545f4ea7e4daeed799ec2f\redhat.java\jdt_ws --pipe=\\.\pipe\lsp-80fe1d53563a685ea793cde579203422-sock
java_class_path (initial): c:\Users\Priyank Singh\.vscode\extensions\redhat.java-1.54.0-win32-x64\server\plugins\org.eclipse.equinox.launcher_1.7.100.v20251111-0406.jar
Launcher Type: SUN_STANDARD

[Global flags]
    uintx AdaptiveSizePolicyWeight                 = 90                                        {product} {command line}
     intx CICompilerCount                          = 4                                         {product} {ergonomic}
    uintx GCTimeRatio                              = 4                                         {product} {command line}
     bool HeapDumpOnOutOfMemoryError               = true                                   {manageable} {command line}
    ccstr HeapDumpPath                             = c:\Users\Priyank Singh\AppData\Roaming\Code\User\workspaceStorage\202945ca63545f4ea7e4daeed799ec2f\redhat.java         {manageable} {command line}
   size_t InitialHeapSize                          = 104857600                                 {product} {command line}
   size_t MaxHeapSize                              = 2147483648                                {product} {command line}
   size_t MaxNewSize                               = 715653120                                 {product} {ergonomic}
   size_t MinHeapDeltaBytes                        = 524288                                    {product} {ergonomic}
   size_t MinHeapSize                              = 104857600                                 {product} {command line}
   size_t NewSize                                  = 34603008                                  {product} {ergonomic}
    uintx NonNMethodCodeHeapSize                   = 5839372                                {pd product} {ergonomic}
    uintx NonProfiledCodeHeapSize                  = 122909434                              {pd product} {ergonomic}
   size_t OldSize                                  = 70254592                                  {product} {ergonomic}
    uintx ProfiledCodeHeapSize                     = 122909434                              {pd product} {ergonomic}
    uintx ReservedCodeCacheSize                    = 251658240                              {pd product} {ergonomic}
     bool SegmentedCodeCache                       = true                                      {product} {ergonomic}
   size_t SoftMaxHeapSize                          = 2147483648                             {manageable} {ergonomic}
     bool UseCompressedOops                        = true                           {product lp64_product} {ergonomic}
     bool UseLargePagesIndividualAllocation        = false                                  {pd product} {ergonomic}
     bool UseParallelGC                            = true                                      {product} {command line}

Logging:
Log output configuration:
 #0: stdout all=off uptime,level,tags foldmultilines=false
 #1: stderr all=off uptime,level,tags foldmultilines=false

Release file:
JAVA_VERSION="21.0.10" 
MODULES="java.base java.compiler java.datatransfer java.xml java.prefs java.desktop java.instrument java.logging java.management java.security.sasl java.naming java.rmi java.management.rmi java.net.http java.scripting java.security.jgss java.transaction.xa java.sql java.sql.rowset java.xml.crypto java.se java.smartcardio jdk.accessibility jdk.internal.jvmstat jdk.attach jdk.charsets jdk.internal.opt jdk.zipfs jdk.compiler jdk.crypto.ec jdk.crypto.cryptoki jdk.crypto.mscapi jdk.dynalink jdk.internal.ed jdk.editpad jdk.hotspot.agent jdk.httpserver jdk.internal.le jdk.internal.vm.ci jdk.internal.vm.compiler jdk.internal.vm.compiler.management jdk.jartool jdk.javadoc jdk.jcmd jdk.management jdk.management.agent jdk.jconsole jdk.jdeps jdk.jdwp.agent jdk.jdi jdk.jfr jdk.jshell jdk.jsobject jdk.jstatd jdk.localedata jdk.management.jfr jdk.naming.dns jdk.naming.rmi jdk.net jdk.nio.mapmode jdk.random jdk.sctp jdk.security.auth jdk.security.jgss jdk.unsupported jdk.unsupported.desktop jdk.xml.dom" 

Environment Variables:
PATH=C:\Users\Priyank Singh\AppData\Local\Programs\Microsoft VS Code;C:\Program Files\Eclipse Adoptium\jdk-17.0.17.10-hotspot\bin;C:\Python312\Scripts\;C:\Python312\;C:\Program Files\Common Files\Oracle\Java\javapath;C:\WINDOWS\system32;C:\WINDOWS;C:\WINDOWS\System32\Wbem;C:\WINDOWS\System32\WindowsPowerShell\v1.0\;C:\WINDOWS\System32\OpenSSH\;C:\MinGW\bin;C:\Program Files\Java\jdk-20\bin;C:\ProgramData\chocolatey\bin;C:\Program Files\dotnet\;C:\Program Files\Git\cmd;C:\Program Files\nodejs\;C:\Maven\apache-maven-3.9.12\bin;C:\Users\Priyank Singh\apache-maven-3.9.12\bin;;C:\Program Files\Docker\Docker\resources\bin;C:\Program Files\MySQL\MySQL Shell 8.0\bin\;C:\Users\Priyank Singh\AppData\Local\Programs\Python\Python312\Scripts\;C:\Users\Priyank Singh\AppData\Local\Programs\Python\Python312\;C:\Users\Priyank Singh\AppData\Local\Microsoft\WindowsApps;C:\Users\Priyank Singh\AppData\Local\JetBrains\Toolbox\scripts;C:\Users\Priyank Singh\AppData\Local\Programs\Microsoft VS Code\bin;C:\Users\Priyank Singh\AppData\Local\Microsoft\WindowsApps;C:\Users\Priyank Singh\AppData\Local\Programs\mongosh\;C:\Users\Priyank Singh\AppData\Roaming\npm;C:\Users\Priyank Singh\AppData\Local\Programs\Antigravity\bin
USERNAME=Priyank Singh
OS=Windows_NT
PROCESSOR_IDENTIFIER=Intel64 Family 6 Model 140 Stepping 1, GenuineIntel
TMP=C:\Users\PRIYAN~1\AppData\Local\Temp
TEMP=C:\Users\PRIYAN~1\AppData\Local\Temp




Periodic native trim disabled

---------------  S Y S T E M  ---------------

OS:
 Windows 11 , 64 bit Build 26100 (10.0.26100.8246)
OS uptime: 4 days 4:26 hours
Hyper-V role detected

CPU: total 8 (initial active 8) (4 cores per cpu, 2 threads per core) family 6 model 140 stepping 1 microcode 0x86, cx8, cmov, fxsr, ht, mmx, 3dnowpref, sse, sse2, sse3, ssse3, sse4.1, sse4.2, popcnt, lzcnt, tsc, tscinvbit, avx, avx2, aes, erms, clmul, bmi1, bmi2, adx, avx512f, avx512dq, avx512cd, avx512bw, avx512vl, sha, fma, vzeroupper, avx512_vpopcntdq, avx512_vpclmulqdq, avx512_vaes, avx512_vnni, clflush, clflushopt, clwb, avx512_vbmi2, avx512_vbmi, hv, rdtscp, rdpid, fsrm, gfni, avx512_bitalg, f16c, cet_ibt, cet_ss, avx512_ifma
Processor Information for the first 8 processors :
  Max Mhz: 3110, Current Mhz: 3110, Mhz Limit: 3110

Memory: 4k page, system-wide physical 7975M (1220M free)
TotalPageFile size 32551M (AvailPageFile size 30M)
current process WorkingSet (physical memory assigned to process): 8M, peak: 1327M
current process commit charge ("private bytes"): 1240M, peak: 1794M

vm_info: OpenJDK 64-Bit Server VM (21.0.10+7-LTS) for windows-amd64 JRE (21.0.10+7-LTS), built on 2026-01-20T00:00:00Z by "admin" with MS VC++ 17.12 (VS2022)

END.
