#
# There is insufficient memory for the Java Runtime Environment to continue.
# Native memory allocation (malloc) failed to allocate 1048576 bytes. Error detail: AllocateHeap
# Possible reasons:
#   The system is out of physical RAM or swap space
#   This process is running with CompressedOops enabled, and the Java Heap may be blocking the growth of the native heap
# Possible solutions:
#   Reduce memory load on the system
#   Increase physical memory or swap space
#   Check if swap backing store is full
#   Decrease Java heap size (-Xmx/-Xms)
#   Decrease number of Java threads
#   Decrease Java thread stack sizes (-Xss)
#   Set larger code cache with -XX:ReservedCodeCacheSize=
#   JVM is running with Unscaled Compressed Oops mode in which the Java heap is
#     placed in the first 4GB address space. The Java Heap base address is the
#     maximum limit for the native heap growth. Please use -XX:HeapBaseMinAddress
#     to set the Java Heap base and to place the Java Heap above 4GB virtual address.
# This output file may be truncated or incomplete.
#
#  Out of Memory Error (allocation.cpp:44), pid=30532, tid=1416
#
# JRE version: OpenJDK Runtime Environment Temurin-21.0.10+7 (21.0.10+7) (build 21.0.10+7-LTS)
# Java VM: OpenJDK 64-Bit Server VM Temurin-21.0.10+7 (21.0.10+7-LTS, mixed mode, sharing, tiered, compressed oops, compressed class ptrs, parallel gc, windows-amd64)
# No core dump will be written. Minidumps are not enabled by default on client versions of Windows
#

---------------  S U M M A R Y ------------

Command Line: --add-modules=ALL-SYSTEM --add-opens=java.base/java.util=ALL-UNNAMED --add-opens=java.base/java.lang=ALL-UNNAMED --add-opens=java.base/sun.nio.fs=ALL-UNNAMED -Declipse.application=org.eclipse.jdt.ls.core.id1 -Dosgi.bundles.defaultStartLevel=4 -Declipse.product=org.eclipse.jdt.ls.core.product -Djava.import.generatesMetadataFilesAtProjectRoot=false -DDetectVMInstallationsJob.disabled=true -Dfile.encoding=utf8 -XX:+UseParallelGC -XX:GCTimeRatio=4 -XX:AdaptiveSizePolicyWeight=90 -Dsun.zip.disableMemoryMapping=true -Xmx2G -Xms100m -Xlog:disable -javaagent:c:\Users\Priyank Singh\.vscode\extensions\redhat.java-1.54.0-win32-x64\lombok\lombok-1.18.39-4050.jar -XX:+HeapDumpOnOutOfMemoryError -XX:HeapDumpPath=c:\Users\Priyank Singh\AppData\Roaming\Code\User\workspaceStorage\202945ca63545f4ea7e4daeed799ec2f\redhat.java -Daether.dependencyCollector.impl=bf c:\Users\Priyank Singh\.vscode\extensions\redhat.java-1.54.0-win32-x64\server\plugins\org.eclipse.equinox.launcher_1.7.100.v20251111-0406.jar -configuration c:\Users\Priyank Singh\AppData\Roaming\Code\User\globalStorage\redhat.java\1.54.0\config_win -data c:\Users\Priyank Singh\AppData\Roaming\Code\User\workspaceStorage\202945ca63545f4ea7e4daeed799ec2f\redhat.java\jdt_ws --pipe=\\.\pipe\lsp-8f69da58d77f1acf33cc25e6eb32a23a-sock

Host: 11th Gen Intel(R) Core(TM) i5-11300H @ 3.10GHz, 8 cores, 7G,  Windows 11 , 64 bit Build 26100 (10.0.26100.8246)
Time: Mon May  4 16:44:13 2026 India Standard Time elapsed time: 587.381723 seconds (0d 0h 9m 47s)

---------------  T H R E A D  ---------------

Current thread (0x0000029089a19df0):  JavaThread "Attach Listener" daemon [_thread_in_vm, id=1416, stack(0x000000cf07700000,0x000000cf07800000) (1024K)]

Stack: [0x000000cf07700000,0x000000cf07800000]
Native frames: (J=compiled Java code, j=interpreted, Vv=VM code, C=native code)
V  [jvm.dll+0x6d7a39]
V  [jvm.dll+0x8b4b26]
V  [jvm.dll+0x8b70de]
V  [jvm.dll+0x8b77c3]
V  [jvm.dll+0x284346]
V  [jvm.dll+0xc1277]
V  [jvm.dll+0x6d82e9]
V  [jvm.dll+0x1334a6]
V  [jvm.dll+0x3f857e]
V  [jvm.dll+0x85f59d]
V  [jvm.dll+0x6d626d]
C  [ucrtbase.dll+0x37b0]
C  [KERNEL32.DLL+0x2e8d7]
C  [ntdll.dll+0x8c3fc]


---------------  P R O C E S S  ---------------

Threads class SMR info:
_java_thread_list=0x00000290ec461840, length=36, elements={
0x0000029089aa5e50, 0x0000029089a18400, 0x0000029089b5c9e0, 0x0000029089a18f00,
0x0000029089a19df0, 0x0000029089a1fdd0, 0x0000029089a2f220, 0x0000029089a30190,
0x0000029089a321a0, 0x00000290e71ff8f0, 0x00000290e72fbde0, 0x00000290e79a3c20,
0x00000290e7d33bc0, 0x00000290e7cd1860, 0x00000290e71288c0, 0x00000290e808bb70,
0x00000290e7adf040, 0x00000290e7736b40, 0x00000290e84b1180, 0x00000290e84afdd0,
0x00000290e84b2bc0, 0x00000290e84b0460, 0x00000290e9ffba50, 0x00000290e9ffb3c0,
0x00000290e9ffc0e0, 0x00000290e9ff8c60, 0x00000290e9ffa010, 0x00000290e9ffc770,
0x00000290e9ff92f0, 0x00000290e9ffce00, 0x00000290e9ff9980, 0x00000290e9ffd490,
0x00000290e9ffdb20, 0x00000290e9ffa6a0, 0x00000290e86fd1e0, 0x00000290e9fffbf0
}

Java Threads: ( => current thread )
  0x0000029089aa5e50 JavaThread "main"                              [_thread_blocked, id=22796, stack(0x000000cf07000000,0x000000cf07100000) (1024K)]
  0x0000029089a18400 JavaThread "Reference Handler"          daemon [_thread_blocked, id=20776, stack(0x000000cf07400000,0x000000cf07500000) (1024K)]
  0x0000029089b5c9e0 JavaThread "Finalizer"                  daemon [_thread_blocked, id=20888, stack(0x000000cf07500000,0x000000cf07600000) (1024K)]
  0x0000029089a18f00 JavaThread "Signal Dispatcher"          daemon [_thread_blocked, id=29596, stack(0x000000cf07600000,0x000000cf07700000) (1024K)]
=>0x0000029089a19df0 JavaThread "Attach Listener"            daemon [_thread_in_vm, id=1416, stack(0x000000cf07700000,0x000000cf07800000) (1024K)]
  0x0000029089a1fdd0 JavaThread "Service Thread"             daemon [_thread_blocked, id=1612, stack(0x000000cf07800000,0x000000cf07900000) (1024K)]
  0x0000029089a2f220 JavaThread "Monitor Deflation Thread"   daemon [_thread_blocked, id=28028, stack(0x000000cf07900000,0x000000cf07a00000) (1024K)]
  0x0000029089a30190 JavaThread "C2 CompilerThread0"         daemon [_thread_blocked, id=26368, stack(0x000000cf07a00000,0x000000cf07b00000) (1024K)]
  0x0000029089a321a0 JavaThread "C1 CompilerThread0"         daemon [_thread_blocked, id=13768, stack(0x000000cf07b00000,0x000000cf07c00000) (1024K)]
  0x00000290e71ff8f0 JavaThread "Common-Cleaner"             daemon [_thread_blocked, id=6528, stack(0x000000cf07d00000,0x000000cf07e00000) (1024K)]
  0x00000290e72fbde0 JavaThread "Notification Thread"        daemon [_thread_blocked, id=4284, stack(0x000000cf07e00000,0x000000cf07f00000) (1024K)]
  0x00000290e79a3c20 JavaThread "Active Thread: Equinox Container: f35d7579-a29b-41f8-b04c-40c6b7a7739e"        [_thread_blocked, id=9632, stack(0x000000cf08600000,0x000000cf08700000) (1024K)]
  0x00000290e7d33bc0 JavaThread "Refresh Thread: Equinox Container: f35d7579-a29b-41f8-b04c-40c6b7a7739e" daemon [_thread_blocked, id=21972, stack(0x000000cf07f00000,0x000000cf08000000) (1024K)]
  0x00000290e7cd1860 JavaThread "Framework Event Dispatcher: Equinox Container: f35d7579-a29b-41f8-b04c-40c6b7a7739e" daemon [_thread_blocked, id=30660, stack(0x000000cf08700000,0x000000cf08800000) (1024K)]
  0x00000290e71288c0 JavaThread "Start Level: Equinox Container: f35d7579-a29b-41f8-b04c-40c6b7a7739e" daemon [_thread_blocked, id=25896, stack(0x000000cf08800000,0x000000cf08900000) (1024K)]
  0x00000290e808bb70 JavaThread "Bundle File Closer"         daemon [_thread_blocked, id=20692, stack(0x000000cf08a00000,0x000000cf08b00000) (1024K)]
  0x00000290e7adf040 JavaThread "SCR Component Actor"        daemon [_thread_blocked, id=6584, stack(0x000000cf08900000,0x000000cf08a00000) (1024K)]
  0x00000290e7736b40 JavaThread "Worker-JM"                         [_thread_blocked, id=30192, stack(0x000000cf08d00000,0x000000cf08e00000) (1024K)]
  0x00000290e84b1180 JavaThread "JNA Cleaner"                daemon [_thread_blocked, id=1124, stack(0x000000cf08c00000,0x000000cf08d00000) (1024K)]
  0x00000290e84afdd0 JavaThread "Worker-0"                          [_thread_blocked, id=30340, stack(0x000000cf08e00000,0x000000cf08f00000) (1024K)]
  0x00000290e84b2bc0 JavaThread "Worker-1"                          [_thread_blocked, id=29936, stack(0x000000cf08f00000,0x000000cf09000000) (1024K)]
  0x00000290e84b0460 JavaThread "Java indexing"              daemon [_thread_blocked, id=29988, stack(0x000000cf09200000,0x000000cf09300000) (1024K)]
  0x00000290e9ffba50 JavaThread "Thread-1"                   daemon [_thread_in_native, id=29896, stack(0x000000cf09800000,0x000000cf09900000) (1024K)]
  0x00000290e9ffb3c0 JavaThread "Thread-2"                   daemon [_thread_in_native, id=29932, stack(0x000000cf09900000,0x000000cf09a00000) (1024K)]
  0x00000290e9ffc0e0 JavaThread "Thread-3"                   daemon [_thread_in_native, id=29872, stack(0x000000cf09a00000,0x000000cf09b00000) (1024K)]
  0x00000290e9ff8c60 JavaThread "Thread-4"                   daemon [_thread_in_native, id=27608, stack(0x000000cf09b00000,0x000000cf09c00000) (1024K)]
  0x00000290e9ffa010 JavaThread "Thread-5"                   daemon [_thread_in_native, id=27340, stack(0x000000cf09c00000,0x000000cf09d00000) (1024K)]
  0x00000290e9ffc770 JavaThread "Thread-6"                   daemon [_thread_in_native, id=9480, stack(0x000000cf09d00000,0x000000cf09e00000) (1024K)]
  0x00000290e9ff92f0 JavaThread "Thread-7"                   daemon [_thread_in_native, id=17196, stack(0x000000cf09e00000,0x000000cf09f00000) (1024K)]
  0x00000290e9ffce00 JavaThread "Thread-8"                   daemon [_thread_in_native, id=30128, stack(0x000000cf09f00000,0x000000cf0a000000) (1024K)]
  0x00000290e9ff9980 JavaThread "Thread-9"                   daemon [_thread_in_native, id=26456, stack(0x000000cf0a000000,0x000000cf0a100000) (1024K)]
  0x00000290e9ffd490 JavaThread "pool-2-thread-1"                   [_thread_blocked, id=30296, stack(0x000000cf0a100000,0x000000cf0a200000) (1024K)]
  0x00000290e9ffdb20 JavaThread "WorkspaceEventsHandler"            [_thread_blocked, id=6580, stack(0x000000cf0a200000,0x000000cf0a300000) (1024K)]
  0x00000290e9ffa6a0 JavaThread "pool-1-thread-1"                   [_thread_blocked, id=18476, stack(0x000000cf0a300000,0x000000cf0a400000) (1024K)]
  0x00000290e86fd1e0 JavaThread "ForkJoinPool.commonPool-worker-4" daemon [_thread_blocked, id=13716, stack(0x000000cf0b100000,0x000000cf0b200000) (1024K)]
  0x00000290e9fffbf0 JavaThread "Cleaner-0"                  daemon [_thread_blocked, id=26552, stack(0x000000cf09100000,0x000000cf09200000) (1024K)]
Total: 36

Other Threads:
  0x0000029089b41970 VMThread "VM Thread"                           [id=20260, stack(0x000000cf07300000,0x000000cf07400000) (1024K)]
  0x0000029089b14150 WatcherThread "VM Periodic Task Thread"        [id=26152, stack(0x000000cf07200000,0x000000cf07300000) (1024K)]
  0x0000029089ac45a0 WorkerThread "GC Thread#0"                     [id=15656, stack(0x000000cf07100000,0x000000cf07200000) (1024K)]
  0x00000290e758ff70 WorkerThread "GC Thread#1"                     [id=25688, stack(0x000000cf08000000,0x000000cf08100000) (1024K)]
  0x00000290e7c1a0e0 WorkerThread "GC Thread#2"                     [id=24896, stack(0x000000cf08100000,0x000000cf08200000) (1024K)]
  0x00000290e7c1a490 WorkerThread "GC Thread#3"                     [id=9460, stack(0x000000cf08200000,0x000000cf08300000) (1024K)]
  0x00000290e7590320 WorkerThread "GC Thread#4"                     [id=18156, stack(0x000000cf08300000,0x000000cf08400000) (1024K)]
  0x00000290e7d97a40 WorkerThread "GC Thread#5"                     [id=11892, stack(0x000000cf08400000,0x000000cf08500000) (1024K)]
  0x00000290e75906d0 WorkerThread "GC Thread#6"                     [id=17348, stack(0x000000cf08500000,0x000000cf08600000) (1024K)]
  0x00000290e7d75850 WorkerThread "GC Thread#7"                     [id=29856, stack(0x000000cf07c00000,0x000000cf07d00000) (1024K)]
Total: 10

Threads with active compile tasks:
Total: 0

VM state: not at safepoint (normal execution)

VM Mutex/Monitor currently owned by a thread: None

Heap address: 0x0000000080000000, size: 2048 MB, Compressed Oops mode: 32-bit

CDS archive(s) mapped at: [0x00000290a1000000-0x00000290a1ba0000-0x00000290a1ba0000), size 12189696, SharedBaseAddress: 0x00000290a1000000, ArchiveRelocationMode: 1.
Compressed class space mapped at: 0x00000290a2000000-0x00000290e2000000, reserved size: 1073741824
Narrow klass base: 0x00000290a1000000, Narrow klass shift: 0, Narrow klass range: 0x100000000

GC Precious Log:
 CardTable entry size: 512
 CPUs: 8 total, 8 available
 Memory: 7975M
 Large Page Support: Disabled
 NUMA Support: Disabled
 Compressed Oops: Enabled (32-bit)
 Alignments: Space 512K, Generation 512K, Heap 2M
 Heap Min Capacity: 100M
 Heap Initial Capacity: 100M
 Heap Max Capacity: 2G
 Pre-touch: Disabled
 Parallel Workers: 8

Heap:
 PSYoungGen      total 5120K, used 2805K [0x00000000d5580000, 0x00000000d5c80000, 0x0000000100000000)
  eden space 4096K, 61% used [0x00000000d5580000,0x00000000d57f5530,0x00000000d5980000)
  from space 1024K, 28% used [0x00000000d5a80000,0x00000000d5ac8000,0x00000000d5b80000)
  to   space 512K, 0% used [0x00000000d5c00000,0x00000000d5c00000,0x00000000d5c80000)
 ParOldGen       total 898048K, used 898022K [0x0000000080000000, 0x00000000b6d00000, 0x00000000d5580000)
  object space 898048K, 99% used [0x0000000080000000,0x00000000b6cf9958,0x00000000b6d00000)
 Metaspace       used 81159K, committed 83072K, reserved 1179648K
  class space    used 8116K, committed 8960K, reserved 1048576K

Card table byte_map: [0x0000029089440000,0x0000029089850000] _byte_map_base: 0x0000029089040000

Marking Bits: (ParMarkBitMap*) 0x00007ffba26f3450
 Begin Bits: [0x000002909bf50000, 0x000002909df50000)
 End Bits:   [0x000002909df50000, 0x000002909ff50000)

Polling page: 0x00000290878f0000

Metaspace:

Usage:
  Non-class:     71.33 MB used.
      Class:      7.93 MB used.
       Both:     79.26 MB used.

Virtual space:
  Non-class space:      128.00 MB reserved,      72.38 MB ( 57%) committed,  2 nodes.
      Class space:        1.00 GB reserved,       8.75 MB ( <1%) committed,  1 nodes.
             Both:        1.12 GB reserved,      81.12 MB (  7%) committed. 

Chunk freelists:
   Non-Class:  7.42 MB
       Class:  7.28 MB
        Both:  14.70 MB

MaxMetaspaceSize: unlimited
CompressedClassSpaceSize: 1.00 GB
Initial GC threshold: 21.00 MB
Current GC threshold: 112.44 MB
CDS: on
 - commit_granule_bytes: 65536.
 - commit_granule_words: 8192.
 - virtual_space_node_default_size: 8388608.
 - enlarge_chunks_in_place: 1.
 - use_allocation_guard: 0.


Internal statistics:

num_allocs_failed_limit: 9.
num_arena_births: 1602.
num_arena_deaths: 22.
num_vsnodes_births: 3.
num_vsnodes_deaths: 0.
num_space_committed: 1298.
num_space_uncommitted: 0.
num_chunks_returned_to_freelist: 34.
num_chunks_taken_from_freelist: 5716.
num_chunk_merges: 14.
num_chunk_splits: 3434.
num_chunks_enlarged: 1899.
num_inconsistent_stats: 0.

CodeHeap 'non-profiled nmethods': size=120000Kb used=23678Kb max_used=23678Kb free=96321Kb
 bounds [0x0000029094770000, 0x0000029095e90000, 0x000002909bca0000]
CodeHeap 'profiled nmethods': size=120000Kb used=50141Kb max_used=50141Kb free=69859Kb
 bounds [0x000002908cca0000, 0x000002908fda0000, 0x00000290941d0000]
CodeHeap 'non-nmethods': size=5760Kb used=1488Kb max_used=1551Kb free=4271Kb
 bounds [0x00000290941d0000, 0x0000029094440000, 0x0000029094770000]
CodeCache: size=245760Kb, used=75307Kb, max_used=75370Kb, free=170451Kb
 total_blobs=20308, nmethods=19512, adapters=699, full_count=0
Compilation: enabled, stopped_count=0, restarted_count=0

Compilation events (20 events):
Event: 336.232 Thread 0x00000290eaf85070 nmethod 21467 0x0000029095e7b610 code [0x0000029095e7b7c0, 0x0000029095e7b968]
Event: 336.232 Thread 0x00000290eaf85070 21486       4       java.io.ObjectOutputStream$HandleTable::assign (52 bytes)
Event: 336.235 Thread 0x00000290eaf85070 nmethod 21486 0x0000029095e7bb10 code [0x0000029095e7bce0, 0x0000029095e7c020]
Event: 336.235 Thread 0x00000290eaf85070 21487       4       org.eclipse.m2e.core.internal.project.registry.ProjectRegistryReader$2::replaceObject (63 bytes)
Event: 336.238 Thread 0x00000290eaf85070 nmethod 21487 0x0000029095e7c290 code [0x0000029095e7c480, 0x0000029095e7c830]
Event: 336.238 Thread 0x00000290eaf85070 21497       4       java.io.ObjectOutputStream::writeClassDesc (60 bytes)
Event: 336.243 Thread 0x00000290eaf85070 nmethod 21497 0x0000029095e7cb10 code [0x0000029095e7cd20, 0x0000029095e7d1d0]
Event: 336.243 Thread 0x00000290eaf85070 21510       4       org.eclipse.core.internal.resources.ResourceInfo::getContentId (8 bytes)
Event: 336.243 Thread 0x00000290eaf85070 nmethod 21510 0x0000029095e7d710 code [0x0000029095e7d8a0, 0x0000029095e7d930]
Event: 336.349 Thread 0x0000029089a321a0 21540       3       org.eclipse.core.internal.dtree.DeltaDataTree::<init> (20 bytes)
Event: 336.350 Thread 0x0000029089a321a0 nmethod 21540 0x000002908fd95f90 code [0x000002908fd96160, 0x000002908fd964c0]
Event: 336.458 Thread 0x0000029089a30190 nmethod 21469 0x0000029095e7da10 code [0x0000029095e7e7a0, 0x0000029095e87bd8]
Event: 386.595 Thread 0x0000029089a321a0 21541       3       sun.nio.fs.NativeBuffer$Deallocator::run (11 bytes)
Event: 386.603 Thread 0x0000029089a321a0 nmethod 21541 0x000002908fd96610 code [0x000002908fd967e0, 0x000002908fd96b00]
Event: 386.603 Thread 0x0000029089a321a0 21542       3       sun.nio.fs.NativeBuffer::free (10 bytes)
Event: 386.607 Thread 0x0000029089a321a0 nmethod 21542 0x000002908fd96c90 code [0x000002908fd96e80, 0x000002908fd97280]
Event: 387.840 Thread 0x0000029089a321a0 21543       1       java.lang.Thread::threadContainer (5 bytes)
Event: 387.843 Thread 0x0000029089a321a0 nmethod 21543 0x0000029095e8f410 code [0x0000029095e8f5a0, 0x0000029095e8f668]
Event: 422.279 Thread 0x0000029089a30190 21544       4       java.util.concurrent.ThreadPoolExecutor::workerCountOf (5 bytes)
Event: 422.285 Thread 0x0000029089a30190 nmethod 21544 0x0000029095e8f710 code [0x0000029095e8f880, 0x0000029095e8f8f0]

GC Heap History (20 events):
Event: 171.836 GC heap before
{Heap before GC invocations=2414 (full 4):
 PSYoungGen      total 4096K, used 4064K [0x00000000d5580000, 0x00000000d5c80000, 0x0000000100000000)
  eden space 2560K, 100% used [0x00000000d5580000,0x00000000d5800000,0x00000000d5800000)
  from space 1536K, 97% used [0x00000000d5980000,0x00000000d5af8000,0x00000000d5b00000)
  to   space 1536K, 0% used [0x00000000d5b00000,0x00000000d5b00000,0x00000000d5c80000)
 ParOldGen       total 884736K, used 884675K [0x0000000080000000, 0x00000000b6000000, 0x00000000d5580000)
  object space 884736K, 99% used [0x0000000080000000,0x00000000b5ff0c20,0x00000000b6000000)
 Metaspace       used 79838K, committed 81664K, reserved 1179648K
  class space    used 7984K, committed 8832K, reserved 1048576K
}
Event: 171.843 GC heap after
{Heap after GC invocations=2414 (full 4):
 PSYoungGen      total 3072K, used 1536K [0x00000000d5580000, 0x00000000d6080000, 0x0000000100000000)
  eden space 1536K, 0% used [0x00000000d5580000,0x00000000d5580000,0x00000000d5700000)
  from space 1536K, 100% used [0x00000000d5b00000,0x00000000d5c80000,0x00000000d5c80000)
  to   space 4096K, 0% used [0x00000000d5700000,0x00000000d5700000,0x00000000d5b00000)
 ParOldGen       total 886784K, used 886466K [0x0000000080000000, 0x00000000b6200000, 0x00000000d5580000)
  object space 886784K, 99% used [0x0000000080000000,0x00000000b61b08a8,0x00000000b6200000)
 Metaspace       used 79838K, committed 81664K, reserved 1179648K
  class space    used 7984K, committed 8832K, reserved 1048576K
}
Event: 171.848 GC heap before
{Heap before GC invocations=2415 (full 4):
 PSYoungGen      total 3072K, used 3071K [0x00000000d5580000, 0x00000000d6080000, 0x0000000100000000)
  eden space 1536K, 99% used [0x00000000d5580000,0x00000000d56ffff8,0x00000000d5700000)
  from space 1536K, 100% used [0x00000000d5b00000,0x00000000d5c80000,0x00000000d5c80000)
  to   space 4096K, 0% used [0x00000000d5700000,0x00000000d5700000,0x00000000d5b00000)
 ParOldGen       total 886784K, used 886466K [0x0000000080000000, 0x00000000b6200000, 0x00000000d5580000)
  object space 886784K, 99% used [0x0000000080000000,0x00000000b61b08a8,0x00000000b6200000)
 Metaspace       used 79838K, committed 81664K, reserved 1179648K
  class space    used 7984K, committed 8832K, reserved 1048576K
}
Event: 171.853 GC heap after
{Heap after GC invocations=2415 (full 4):
 PSYoungGen      total 3072K, used 1248K [0x00000000d5580000, 0x00000000d5b80000, 0x0000000100000000)
  eden space 1536K, 0% used [0x00000000d5580000,0x00000000d5580000,0x00000000d5700000)
  from space 1536K, 81% used [0x00000000d5700000,0x00000000d5838000,0x00000000d5880000)
  to   space 2048K, 0% used [0x00000000d5980000,0x00000000d5980000,0x00000000d5b80000)
 ParOldGen       total 888320K, used 888033K [0x0000000080000000, 0x00000000b6380000, 0x00000000d5580000)
  object space 888320K, 99% used [0x0000000080000000,0x00000000b6338530,0x00000000b6380000)
 Metaspace       used 79838K, committed 81664K, reserved 1179648K
  class space    used 7984K, committed 8832K, reserved 1048576K
}
Event: 171.857 GC heap before
{Heap before GC invocations=2416 (full 4):
 PSYoungGen      total 3072K, used 2784K [0x00000000d5580000, 0x00000000d5b80000, 0x0000000100000000)
  eden space 1536K, 100% used [0x00000000d5580000,0x00000000d5700000,0x00000000d5700000)
  from space 1536K, 81% used [0x00000000d5700000,0x00000000d5838000,0x00000000d5880000)
  to   space 2048K, 0% used [0x00000000d5980000,0x00000000d5980000,0x00000000d5b80000)
 ParOldGen       total 888320K, used 888033K [0x0000000080000000, 0x00000000b6380000, 0x00000000d5580000)
  object space 888320K, 99% used [0x0000000080000000,0x00000000b6338530,0x00000000b6380000)
 Metaspace       used 79839K, committed 81664K, reserved 1179648K
  class space    used 7985K, committed 8832K, reserved 1048576K
}
Event: 171.861 GC heap after
{Heap after GC invocations=2416 (full 4):
 PSYoungGen      total 3584K, used 1248K [0x00000000d5580000, 0x00000000d5b00000, 0x0000000100000000)
  eden space 2048K, 0% used [0x00000000d5580000,0x00000000d5580000,0x00000000d5780000)
  from space 1536K, 81% used [0x00000000d5980000,0x00000000d5ab8000,0x00000000d5b00000)
  to   space 1536K, 0% used [0x00000000d5800000,0x00000000d5800000,0x00000000d5980000)
 ParOldGen       total 889344K, used 889241K [0x0000000080000000, 0x00000000b6480000, 0x00000000d5580000)
  object space 889344K, 99% used [0x0000000080000000,0x00000000b6466530,0x00000000b6480000)
 Metaspace       used 79839K, committed 81664K, reserved 1179648K
  class space    used 7985K, committed 8832K, reserved 1048576K
}
Event: 171.867 GC heap before
{Heap before GC invocations=2417 (full 4):
 PSYoungGen      total 3584K, used 3296K [0x00000000d5580000, 0x00000000d5b00000, 0x0000000100000000)
  eden space 2048K, 100% used [0x00000000d5580000,0x00000000d5780000,0x00000000d5780000)
  from space 1536K, 81% used [0x00000000d5980000,0x00000000d5ab8000,0x00000000d5b00000)
  to   space 1536K, 0% used [0x00000000d5800000,0x00000000d5800000,0x00000000d5980000)
 ParOldGen       total 889344K, used 889241K [0x0000000080000000, 0x00000000b6480000, 0x00000000d5580000)
  object space 889344K, 99% used [0x0000000080000000,0x00000000b6466530,0x00000000b6480000)
 Metaspace       used 79850K, committed 81664K, reserved 1179648K
  class space    used 7985K, committed 8832K, reserved 1048576K
}
Event: 171.871 GC heap after
{Heap after GC invocations=2417 (full 4):
 PSYoungGen      total 4096K, used 1536K [0x00000000d5580000, 0x00000000d5e00000, 0x0000000100000000)
  eden space 2560K, 0% used [0x00000000d5580000,0x00000000d5580000,0x00000000d5800000)
  from space 1536K, 100% used [0x00000000d5800000,0x00000000d5980000,0x00000000d5980000)
  to   space 3072K, 0% used [0x00000000d5b00000,0x00000000d5b00000,0x00000000d5e00000)
 ParOldGen       total 890880K, used 890401K [0x0000000080000000, 0x00000000b6600000, 0x00000000d5580000)
  object space 890880K, 99% used [0x0000000080000000,0x00000000b6588530,0x00000000b6600000)
 Metaspace       used 79850K, committed 81664K, reserved 1179648K
  class space    used 7985K, committed 8832K, reserved 1048576K
}
Event: 171.878 GC heap before
{Heap before GC invocations=2418 (full 4):
 PSYoungGen      total 4096K, used 4096K [0x00000000d5580000, 0x00000000d5e00000, 0x0000000100000000)
  eden space 2560K, 100% used [0x00000000d5580000,0x00000000d5800000,0x00000000d5800000)
  from space 1536K, 100% used [0x00000000d5800000,0x00000000d5980000,0x00000000d5980000)
  to   space 3072K, 0% used [0x00000000d5b00000,0x00000000d5b00000,0x00000000d5e00000)
 ParOldGen       total 890880K, used 890401K [0x0000000080000000, 0x00000000b6600000, 0x00000000d5580000)
  object space 890880K, 99% used [0x0000000080000000,0x00000000b6588530,0x00000000b6600000)
 Metaspace       used 79861K, committed 81664K, reserved 1179648K
  class space    used 7988K, committed 8832K, reserved 1048576K
}
Event: 171.883 GC heap after
{Heap after GC invocations=2418 (full 4):
 PSYoungGen      total 5632K, used 1920K [0x00000000d5580000, 0x00000000d5d80000, 0x0000000100000000)
  eden space 3072K, 0% used [0x00000000d5580000,0x00000000d5580000,0x00000000d5880000)
  from space 2560K, 75% used [0x00000000d5b00000,0x00000000d5ce0000,0x00000000d5d80000)
  to   space 2560K, 0% used [0x00000000d5880000,0x00000000d5880000,0x00000000d5b00000)
 ParOldGen       total 891904K, used 891857K [0x0000000080000000, 0x00000000b6700000, 0x00000000d5580000)
  object space 891904K, 99% used [0x0000000080000000,0x00000000b66f4530,0x00000000b6700000)
 Metaspace       used 79861K, committed 81664K, reserved 1179648K
  class space    used 7988K, committed 8832K, reserved 1048576K
}
Event: 171.900 GC heap before
{Heap before GC invocations=2419 (full 4):
 PSYoungGen      total 5632K, used 4992K [0x00000000d5580000, 0x00000000d5d80000, 0x0000000100000000)
  eden space 3072K, 100% used [0x00000000d5580000,0x00000000d5880000,0x00000000d5880000)
  from space 2560K, 75% used [0x00000000d5b00000,0x00000000d5ce0000,0x00000000d5d80000)
  to   space 2560K, 0% used [0x00000000d5880000,0x00000000d5880000,0x00000000d5b00000)
 ParOldGen       total 891904K, used 891857K [0x0000000080000000, 0x00000000b6700000, 0x00000000d5580000)
  object space 891904K, 99% used [0x0000000080000000,0x00000000b66f4530,0x00000000b6700000)
 Metaspace       used 79925K, committed 81728K, reserved 1179648K
  class space    used 7992K, committed 8832K, reserved 1048576K
}
Event: 171.904 GC heap after
{Heap after GC invocations=2419 (full 4):
 PSYoungGen      total 5632K, used 2275K [0x00000000d5580000, 0x00000000d5e80000, 0x0000000100000000)
  eden space 3072K, 0% used [0x00000000d5580000,0x00000000d5580000,0x00000000d5880000)
  from space 2560K, 88% used [0x00000000d5880000,0x00000000d5ab8c80,0x00000000d5b00000)
  to   space 2560K, 0% used [0x00000000d5c00000,0x00000000d5c00000,0x00000000d5e80000)
 ParOldGen       total 893952K, used 893713K [0x0000000080000000, 0x00000000b6900000, 0x00000000d5580000)
  object space 893952K, 99% used [0x0000000080000000,0x00000000b68c4530,0x00000000b6900000)
 Metaspace       used 79925K, committed 81728K, reserved 1179648K
  class space    used 7992K, committed 8832K, reserved 1048576K
}
Event: 171.954 GC heap before
{Heap before GC invocations=2420 (full 4):
 PSYoungGen      total 5632K, used 5347K [0x00000000d5580000, 0x00000000d5e80000, 0x0000000100000000)
  eden space 3072K, 100% used [0x00000000d5580000,0x00000000d5880000,0x00000000d5880000)
  from space 2560K, 88% used [0x00000000d5880000,0x00000000d5ab8c80,0x00000000d5b00000)
  to   space 2560K, 0% used [0x00000000d5c00000,0x00000000d5c00000,0x00000000d5e80000)
 ParOldGen       total 893952K, used 893713K [0x0000000080000000, 0x00000000b6900000, 0x00000000d5580000)
  object space 893952K, 99% used [0x0000000080000000,0x00000000b68c4530,0x00000000b6900000)
 Metaspace       used 79925K, committed 81728K, reserved 1179648K
  class space    used 7992K, committed 8832K, reserved 1048576K
}
Event: 171.958 GC heap after
{Heap after GC invocations=2420 (full 4):
 PSYoungGen      total 6656K, used 2224K [0x00000000d5580000, 0x00000000d5e80000, 0x0000000100000000)
  eden space 4096K, 0% used [0x00000000d5580000,0x00000000d5580000,0x00000000d5980000)
  from space 2560K, 86% used [0x00000000d5c00000,0x00000000d5e2c010,0x00000000d5e80000)
  to   space 2560K, 0% used [0x00000000d5980000,0x00000000d5980000,0x00000000d5c00000)
 ParOldGen       total 896000K, used 895785K [0x0000000080000000, 0x00000000b6b00000, 0x00000000d5580000)
  object space 896000K, 99% used [0x0000000080000000,0x00000000b6aca530,0x00000000b6b00000)
 Metaspace       used 79925K, committed 81728K, reserved 1179648K
  class space    used 7992K, committed 8832K, reserved 1048576K
}
Event: 172.048 GC heap before
{Heap before GC invocations=2421 (full 4):
 PSYoungGen      total 6656K, used 6316K [0x00000000d5580000, 0x00000000d5e80000, 0x0000000100000000)
  eden space 4096K, 99% used [0x00000000d5580000,0x00000000d597f2a8,0x00000000d5980000)
  from space 2560K, 86% used [0x00000000d5c00000,0x00000000d5e2c010,0x00000000d5e80000)
  to   space 2560K, 0% used [0x00000000d5980000,0x00000000d5980000,0x00000000d5c00000)
 ParOldGen       total 896000K, used 895785K [0x0000000080000000, 0x00000000b6b00000, 0x00000000d5580000)
  object space 896000K, 99% used [0x0000000080000000,0x00000000b6aca530,0x00000000b6b00000)
 Metaspace       used 80277K, committed 82176K, reserved 1179648K
  class space    used 8026K, committed 8896K, reserved 1048576K
}
Event: 172.052 GC heap after
{Heap after GC invocations=2421 (full 4):
 PSYoungGen      total 6656K, used 544K [0x00000000d5580000, 0x00000000d5d80000, 0x0000000100000000)
  eden space 4096K, 0% used [0x00000000d5580000,0x00000000d5580000,0x00000000d5980000)
  from space 2560K, 21% used [0x00000000d5980000,0x00000000d5a08000,0x00000000d5c00000)
  to   space 1536K, 0% used [0x00000000d5c00000,0x00000000d5c00000,0x00000000d5d80000)
 ParOldGen       total 897536K, used 897422K [0x0000000080000000, 0x00000000b6c80000, 0x00000000d5580000)
  object space 897536K, 99% used [0x0000000080000000,0x00000000b6c63958,0x00000000b6c80000)
 Metaspace       used 80277K, committed 82176K, reserved 1179648K
  class space    used 8026K, committed 8896K, reserved 1048576K
}
Event: 172.202 GC heap before
{Heap before GC invocations=2422 (full 4):
 PSYoungGen      total 6656K, used 4640K [0x00000000d5580000, 0x00000000d5d80000, 0x0000000100000000)
  eden space 4096K, 100% used [0x00000000d5580000,0x00000000d5980000,0x00000000d5980000)
  from space 2560K, 21% used [0x00000000d5980000,0x00000000d5a08000,0x00000000d5c00000)
  to   space 1536K, 0% used [0x00000000d5c00000,0x00000000d5c00000,0x00000000d5d80000)
 ParOldGen       total 897536K, used 897422K [0x0000000080000000, 0x00000000b6c80000, 0x00000000d5580000)
  object space 897536K, 99% used [0x0000000080000000,0x00000000b6c63958,0x00000000b6c80000)
 Metaspace       used 80717K, committed 82624K, reserved 1179648K
  class space    used 8070K, committed 8960K, reserved 1048576K
}
Event: 172.206 GC heap after
{Heap after GC invocations=2422 (full 4):
 PSYoungGen      total 4608K, used 352K [0x00000000d5580000, 0x00000000d5c80000, 0x0000000100000000)
  eden space 4096K, 0% used [0x00000000d5580000,0x00000000d5580000,0x00000000d5980000)
  from space 512K, 68% used [0x00000000d5c00000,0x00000000d5c58000,0x00000000d5c80000)
  to   space 1024K, 0% used [0x00000000d5a80000,0x00000000d5a80000,0x00000000d5b80000)
 ParOldGen       total 898048K, used 897846K [0x0000000080000000, 0x00000000b6d00000, 0x00000000d5580000)
  object space 898048K, 99% used [0x0000000080000000,0x00000000b6ccd958,0x00000000b6d00000)
 Metaspace       used 80717K, committed 82624K, reserved 1179648K
  class space    used 8070K, committed 8960K, reserved 1048576K
}
Event: 335.713 GC heap before
{Heap before GC invocations=2423 (full 4):
 PSYoungGen      total 4608K, used 4448K [0x00000000d5580000, 0x00000000d5c80000, 0x0000000100000000)
  eden space 4096K, 100% used [0x00000000d5580000,0x00000000d5980000,0x00000000d5980000)
  from space 512K, 68% used [0x00000000d5c00000,0x00000000d5c58000,0x00000000d5c80000)
  to   space 1024K, 0% used [0x00000000d5a80000,0x00000000d5a80000,0x00000000d5b80000)
 ParOldGen       total 898048K, used 897846K [0x0000000080000000, 0x00000000b6d00000, 0x00000000d5580000)
  object space 898048K, 99% used [0x0000000080000000,0x00000000b6ccd958,0x00000000b6d00000)
 Metaspace       used 80984K, committed 82880K, reserved 1179648K
  class space    used 8103K, committed 8960K, reserved 1048576K
}
Event: 335.941 GC heap after
{Heap after GC invocations=2423 (full 4):
 PSYoungGen      total 5120K, used 288K [0x00000000d5580000, 0x00000000d5c80000, 0x0000000100000000)
  eden space 4096K, 0% used [0x00000000d5580000,0x00000000d5580000,0x00000000d5980000)
  from space 1024K, 28% used [0x00000000d5a80000,0x00000000d5ac8000,0x00000000d5b80000)
  to   space 512K, 0% used [0x00000000d5c00000,0x00000000d5c00000,0x00000000d5c80000)
 ParOldGen       total 898048K, used 898022K [0x0000000080000000, 0x00000000b6d00000, 0x00000000d5580000)
  object space 898048K, 99% used [0x0000000080000000,0x00000000b6cf9958,0x00000000b6d00000)
 Metaspace       used 80984K, committed 82880K, reserved 1179648K
  class space    used 8103K, committed 8960K, reserved 1048576K
}

Dll operation events (10 events):
Event: 0.637 Loaded shared library c:\Users\Priyank Singh\.vscode\extensions\redhat.java-1.54.0-win32-x64\jre\21.0.10-win32-x86_64\bin\java.dll
Event: 0.731 Loaded shared library c:\Users\Priyank Singh\.vscode\extensions\redhat.java-1.54.0-win32-x64\jre\21.0.10-win32-x86_64\bin\zip.dll
Event: 0.767 Loaded shared library C:\Users\Priyank Singh\.vscode\extensions\redhat.java-1.54.0-win32-x64\jre\21.0.10-win32-x86_64\bin\instrument.dll
Event: 0.775 Loaded shared library C:\Users\Priyank Singh\.vscode\extensions\redhat.java-1.54.0-win32-x64\jre\21.0.10-win32-x86_64\bin\net.dll
Event: 0.777 Loaded shared library C:\Users\Priyank Singh\.vscode\extensions\redhat.java-1.54.0-win32-x64\jre\21.0.10-win32-x86_64\bin\nio.dll
Event: 0.780 Loaded shared library C:\Users\Priyank Singh\.vscode\extensions\redhat.java-1.54.0-win32-x64\jre\21.0.10-win32-x86_64\bin\zip.dll
Event: 0.807 Loaded shared library C:\Users\Priyank Singh\.vscode\extensions\redhat.java-1.54.0-win32-x64\jre\21.0.10-win32-x86_64\bin\jimage.dll
Event: 1.003 Loaded shared library c:\Users\Priyank Singh\.vscode\extensions\redhat.java-1.54.0-win32-x64\jre\21.0.10-win32-x86_64\bin\verify.dll
Event: 16.767 Loaded shared library C:\Users\Priyank Singh\AppData\Roaming\Code\User\globalStorage\redhat.java\1.54.0\config_win\org.eclipse.equinox.launcher\org.eclipse.equinox.launcher.win32.win32.x86_64_1.3.0.v20260203-2149\eclipse_11919.dll
Event: 30.566 Loaded shared library C:\Users\Priyank Singh\AppData\Local\Temp\jna--1495685051\jna9321784294754381941.dll

Deoptimization events (20 events):
Event: 336.216 Thread 0x00000290e84afdd0 Uncommon trap: trap_request=0xffffffc6 fr.pc=0x0000029095492178 relative=0x0000000000000578
Event: 336.216 Thread 0x00000290e84afdd0 Uncommon trap: reason=bimorphic_or_optimized_type_check action=maybe_recompile pc=0x0000029095492178 method=java.io.InputStream.read([B)I @ 5 c2
Event: 336.216 Thread 0x00000290e84afdd0 DEOPT PACKING pc=0x0000029095492178 sp=0x000000cf08efed90
Event: 336.216 Thread 0x00000290e84afdd0 DEOPT UNPACKING pc=0x0000029094226da2 sp=0x000000cf08efed58 mode 2
Event: 336.217 Thread 0x00000290e84afdd0 Uncommon trap: trap_request=0xffffff45 fr.pc=0x0000029095919008 relative=0x0000000000000608
Event: 336.217 Thread 0x00000290e84afdd0 Uncommon trap: reason=unstable_if action=reinterpret pc=0x0000029095919008 method=java.io.InputStream.read([BII)I @ 52 c2
Event: 336.217 Thread 0x00000290e84afdd0 DEOPT PACKING pc=0x0000029095919008 sp=0x000000cf08efed30
Event: 336.217 Thread 0x00000290e84afdd0 DEOPT UNPACKING pc=0x0000029094226da2 sp=0x000000cf08efecd0 mode 2
Event: 336.217 Thread 0x00000290e84afdd0 Uncommon trap: trap_request=0xffffffc6 fr.pc=0x00000290950c534c relative=0x0000000000004b2c
Event: 336.217 Thread 0x00000290e84afdd0 Uncommon trap: reason=bimorphic_or_optimized_type_check action=maybe_recompile pc=0x00000290950c534c method=java.util.Properties.load0(Ljava/util/Properties$LineReader;)V @ 241 c2
Event: 336.218 Thread 0x00000290e84afdd0 DEOPT PACKING pc=0x00000290950c534c sp=0x000000cf08efeeb0
Event: 336.218 Thread 0x00000290e84afdd0 DEOPT UNPACKING pc=0x0000029094226da2 sp=0x000000cf08efeed0 mode 2
Event: 336.218 Thread 0x00000290e84afdd0 Uncommon trap: trap_request=0xffffffc6 fr.pc=0x0000029094f02e50 relative=0x0000000000004eb0
Event: 336.218 Thread 0x00000290e84afdd0 Uncommon trap: reason=bimorphic_or_optimized_type_check action=maybe_recompile pc=0x0000029094f02e50 method=java.util.Properties.load0(Ljava/util/Properties$LineReader;)V @ 241 c2
Event: 336.218 Thread 0x00000290e84afdd0 DEOPT PACKING pc=0x0000029094f02e50 sp=0x000000cf08efeeb0
Event: 336.218 Thread 0x00000290e84afdd0 DEOPT UNPACKING pc=0x0000029094226da2 sp=0x000000cf08efeed0 mode 2
Event: 336.218 Thread 0x00000290e84afdd0 Uncommon trap: trap_request=0xffffffc6 fr.pc=0x0000029095492178 relative=0x0000000000000578
Event: 336.218 Thread 0x00000290e84afdd0 Uncommon trap: reason=bimorphic_or_optimized_type_check action=maybe_recompile pc=0x0000029095492178 method=java.io.InputStream.read([B)I @ 5 c2
Event: 336.218 Thread 0x00000290e84afdd0 DEOPT PACKING pc=0x0000029095492178 sp=0x000000cf08efedf0
Event: 336.218 Thread 0x00000290e84afdd0 DEOPT UNPACKING pc=0x0000029094226da2 sp=0x000000cf08efedb8 mode 2

Classes loaded (20 events):
Event: 335.027 Loading class java/util/stream/Nodes$CollectorTask$OfRef
Event: 335.034 Loading class java/util/stream/Nodes$CollectorTask
Event: 335.546 Loading class java/util/stream/Nodes$CollectorTask done
Event: 335.546 Loading class java/util/stream/Nodes$CollectorTask$OfRef done
Event: 335.551 Loading class java/util/function/LongFunction
Event: 335.552 Loading class java/util/function/LongFunction done
Event: 335.555 Loading class java/util/stream/Nodes$ConcNode
Event: 335.559 Loading class java/util/stream/Nodes$AbstractConcNode
Event: 335.562 Loading class java/util/stream/Nodes$AbstractConcNode done
Event: 335.562 Loading class java/util/stream/Nodes$ConcNode done
Event: 335.712 Loading class java/util/stream/Nodes$ToArrayTask$OfRef
Event: 335.943 Loading class java/util/stream/Nodes$ToArrayTask
Event: 335.944 Loading class java/util/stream/Nodes$ToArrayTask done
Event: 335.944 Loading class java/util/stream/Nodes$ToArrayTask$OfRef done
Event: 335.964 Loading class java/io/ObjectOutputStream$BlockDataOutputStream
Event: 335.967 Loading class java/io/ObjectOutputStream$BlockDataOutputStream done
Event: 335.967 Loading class java/io/ObjectOutputStream$HandleTable
Event: 335.968 Loading class java/io/ObjectOutputStream$HandleTable done
Event: 335.968 Loading class java/io/ObjectOutputStream$ReplaceTable
Event: 335.969 Loading class java/io/ObjectOutputStream$ReplaceTable done

Classes unloaded (11 events):
Event: 31.199 Thread 0x0000029089b41970 Unloading class 0x00000290a21a4800 'java/lang/invoke/LambdaForm$MH+0x00000290a21a4800'
Event: 31.199 Thread 0x0000029089b41970 Unloading class 0x00000290a21a4400 'java/lang/invoke/LambdaForm$MH+0x00000290a21a4400'
Event: 31.199 Thread 0x0000029089b41970 Unloading class 0x00000290a21a4000 'java/lang/invoke/LambdaForm$MH+0x00000290a21a4000'
Event: 31.199 Thread 0x0000029089b41970 Unloading class 0x00000290a21a3c00 'java/lang/invoke/LambdaForm$MH+0x00000290a21a3c00'
Event: 31.199 Thread 0x0000029089b41970 Unloading class 0x00000290a21a3800 'java/lang/invoke/LambdaForm$BMH+0x00000290a21a3800'
Event: 31.199 Thread 0x0000029089b41970 Unloading class 0x00000290a21a3400 'java/lang/invoke/LambdaForm$DMH+0x00000290a21a3400'
Event: 31.199 Thread 0x0000029089b41970 Unloading class 0x00000290a21a2000 'java/lang/invoke/LambdaForm$DMH+0x00000290a21a2000'
Event: 72.056 Thread 0x0000029089b41970 Unloading class 0x00000290a26bd000 'java/lang/invoke/LambdaForm$DMH+0x00000290a26bd000'
Event: 72.056 Thread 0x0000029089b41970 Unloading class 0x00000290a26bc000 'java/lang/invoke/LambdaForm$DMH+0x00000290a26bc000'
Event: 72.056 Thread 0x0000029089b41970 Unloading class 0x00000290a26bcc00 'java/lang/invoke/LambdaForm$DMH+0x00000290a26bcc00'
Event: 72.056 Thread 0x0000029089b41970 Unloading class 0x00000290a26bc400 'java/lang/invoke/LambdaForm$DMH+0x00000290a26bc400'

Classes redefined (0 events):
No events

Internal exceptions (20 events):
Event: 335.674 Thread 0x00000290e84afdd0 Exception <a 'sun/nio/fs/WindowsException'{0x00000000d59352a8}> (0x00000000d59352a8) 
thrown [s\src\hotspot\share\prims\jni.cpp, line 520]
Event: 335.679 Thread 0x00000290e84afdd0 Exception <a 'sun/nio/fs/WindowsException'{0x00000000d5937380}> (0x00000000d5937380) 
thrown [s\src\hotspot\share\prims\jni.cpp, line 520]
Event: 335.680 Thread 0x00000290e84afdd0 Exception <a 'sun/nio/fs/WindowsException'{0x00000000d5937fa8}> (0x00000000d5937fa8) 
thrown [s\src\hotspot\share\prims\jni.cpp, line 520]
Event: 335.682 Thread 0x00000290e84afdd0 Exception <a 'sun/nio/fs/WindowsException'{0x00000000d593c5f8}> (0x00000000d593c5f8) 
thrown [s\src\hotspot\share\prims\jni.cpp, line 520]
Event: 335.682 Thread 0x00000290e84afdd0 Exception <a 'sun/nio/fs/WindowsException'{0x00000000d593d4f0}> (0x00000000d593d4f0) 
thrown [s\src\hotspot\share\prims\jni.cpp, line 520]
Event: 335.685 Thread 0x00000290e84afdd0 Exception <a 'sun/nio/fs/WindowsException'{0x00000000d593f7f0}> (0x00000000d593f7f0) 
thrown [s\src\hotspot\share\prims\jni.cpp, line 520]
Event: 335.685 Thread 0x00000290e84afdd0 Exception <a 'sun/nio/fs/WindowsException'{0x00000000d5940410}> (0x00000000d5940410) 
thrown [s\src\hotspot\share\prims\jni.cpp, line 520]
Event: 335.687 Thread 0x00000290e84afdd0 Exception <a 'sun/nio/fs/WindowsException'{0x00000000d59426a0}> (0x00000000d59426a0) 
thrown [s\src\hotspot\share\prims\jni.cpp, line 520]
Event: 335.688 Thread 0x00000290e84afdd0 Exception <a 'sun/nio/fs/WindowsException'{0x00000000d59435b8}> (0x00000000d59435b8) 
thrown [s\src\hotspot\share\prims\jni.cpp, line 520]
Event: 335.690 Thread 0x00000290e84afdd0 Exception <a 'sun/nio/fs/WindowsException'{0x00000000d59457d8}> (0x00000000d59457d8) 
thrown [s\src\hotspot\share\prims\jni.cpp, line 520]
Event: 335.690 Thread 0x00000290e84afdd0 Exception <a 'sun/nio/fs/WindowsException'{0x00000000d5946428}> (0x00000000d5946428) 
thrown [s\src\hotspot\share\prims\jni.cpp, line 520]
Event: 335.690 Thread 0x00000290e84afdd0 Exception <a 'sun/nio/fs/WindowsException'{0x00000000d59483b8}> (0x00000000d59483b8) 
thrown [s\src\hotspot\share\prims\jni.cpp, line 520]
Event: 335.691 Thread 0x00000290e84afdd0 Exception <a 'sun/nio/fs/WindowsException'{0x00000000d5948fe0}> (0x00000000d5948fe0) 
thrown [s\src\hotspot\share\prims\jni.cpp, line 520]
Event: 335.693 Thread 0x00000290e84afdd0 Exception <a 'sun/nio/fs/WindowsException'{0x00000000d594afa0}> (0x00000000d594afa0) 
thrown [s\src\hotspot\share\prims\jni.cpp, line 520]
Event: 335.693 Thread 0x00000290e84afdd0 Exception <a 'sun/nio/fs/WindowsException'{0x00000000d594bbd8}> (0x00000000d594bbd8) 
thrown [s\src\hotspot\share\prims\jni.cpp, line 520]
Event: 335.696 Thread 0x00000290e84afdd0 Exception <a 'sun/nio/fs/WindowsException'{0x00000000d594fc48}> (0x00000000d594fc48) 
thrown [s\src\hotspot\share\prims\jni.cpp, line 520]
Event: 335.696 Thread 0x00000290e84afdd0 Exception <a 'sun/nio/fs/WindowsException'{0x00000000d5950ad0}> (0x00000000d5950ad0) 
thrown [s\src\hotspot\share\prims\jni.cpp, line 520]
Event: 335.701 Thread 0x00000290e84afdd0 Implicit null exception at 0x0000029095d98a86 to 0x0000029095d98dfc
Event: 336.064 Thread 0x00000290e84afdd0 Exception <a 'java/lang/NoSuchMethodError'{0x00000000d5685e00}: static [J.<clinit>()V> (0x00000000d5685e00) 
thrown [s\src\hotspot\share\prims\jni.cpp, line 1111]
Event: 336.137 Thread 0x00000290e84afdd0 Exception <a 'java/lang/NoSuchMethodError'{0x00000000d574abd0}: 'java.lang.Object java.lang.invoke.DirectMethodHandle$Holder.newInvokeSpecial(java.lang.Object, java.lang.Object, java.lang.Object, java.lang.Object, java.lang.Object, java.lang.Object, java.lang.Object, java.lang.Object)'> (0x00000000d574abd0) 
thrown [s\src\hotspot\share\interpreter\linkResolver.cpp, line 773]

ZGC Phase Switch (0 events):
No events

VM Operations (20 events):
Event: 335.549 Executing non-safepoint VM operation: HandshakeAllThreads (Deoptimize)
Event: 335.549 Executing non-safepoint VM operation: HandshakeAllThreads (Deoptimize) done
Event: 335.712 Executing safepoint VM operation: ParallelGCFailedAllocation (Allocation Failure)
Event: 335.942 Executing safepoint VM operation: ParallelGCFailedAllocation (Allocation Failure) done
Event: 336.099 Executing non-safepoint VM operation: HandshakeAllThreads (Deoptimize)
Event: 336.099 Executing non-safepoint VM operation: HandshakeAllThreads (Deoptimize) done
Event: 336.204 Executing non-safepoint VM operation: HandshakeAllThreads (Deoptimize)
Event: 336.204 Executing non-safepoint VM operation: HandshakeAllThreads (Deoptimize) done
Event: 337.211 Executing safepoint VM operation: Cleanup
Event: 337.211 Executing safepoint VM operation: Cleanup done
Event: 361.302 Executing non-safepoint VM operation: HandshakeAllThreads (HandshakeForDeflation)
Event: 361.302 Executing non-safepoint VM operation: HandshakeAllThreads (HandshakeForDeflation) done
Event: 361.303 Executing non-safepoint VM operation: RendezvousGCThreads
Event: 361.303 Executing non-safepoint VM operation: RendezvousGCThreads done
Event: 388.552 Executing safepoint VM operation: Cleanup
Event: 388.555 Executing safepoint VM operation: Cleanup done
Event: 421.341 Executing non-safepoint VM operation: HandshakeAllThreads (HandshakeForDeflation)
Event: 421.341 Executing non-safepoint VM operation: HandshakeAllThreads (HandshakeForDeflation) done
Event: 421.341 Executing non-safepoint VM operation: RendezvousGCThreads
Event: 421.341 Executing non-safepoint VM operation: RendezvousGCThreads done

Memory protections (0 events):
No events

Nmethod flushes (20 events):
Event: 73.381 Thread 0x0000029089b41970 flushing  nmethod 0x000002908dd69e90
Event: 73.381 Thread 0x0000029089b41970 flushing  nmethod 0x000002908ddafd10
Event: 73.381 Thread 0x0000029089b41970 flushing  nmethod 0x000002908ddbfc90
Event: 73.381 Thread 0x0000029089b41970 flushing  nmethod 0x000002908ddc4610
Event: 73.381 Thread 0x0000029089b41970 flushing  nmethod 0x000002908ddc5c10
Event: 73.381 Thread 0x0000029089b41970 flushing  nmethod 0x000002908ddd8d90
Event: 73.381 Thread 0x0000029089b41970 flushing  nmethod 0x000002908ddda210
Event: 73.381 Thread 0x0000029089b41970 flushing  nmethod 0x000002908dddd410
Event: 73.381 Thread 0x0000029089b41970 flushing  nmethod 0x000002908ddeb890
Event: 73.381 Thread 0x0000029089b41970 flushing  nmethod 0x000002908de04790
Event: 73.381 Thread 0x0000029089b41970 flushing  nmethod 0x000002908de1b090
Event: 73.381 Thread 0x0000029089b41970 flushing  nmethod 0x000002908de23c10
Event: 73.381 Thread 0x0000029089b41970 flushing  nmethod 0x000002908de26490
Event: 73.381 Thread 0x0000029089b41970 flushing  nmethod 0x000002908de46590
Event: 73.381 Thread 0x0000029089b41970 flushing  nmethod 0x000002908de48590
Event: 73.381 Thread 0x0000029089b41970 flushing  nmethod 0x000002908de9ce10
Event: 73.381 Thread 0x0000029089b41970 flushing  nmethod 0x000002908de9db10
Event: 73.381 Thread 0x0000029089b41970 flushing  nmethod 0x000002908df5d310
Event: 73.381 Thread 0x0000029089b41970 flushing  nmethod 0x000002908df5df90
Event: 73.381 Thread 0x0000029089b41970 flushing  nmethod 0x000002908df77810

Events (20 events):
Event: 353.139 Thread 0x00000290e86f96d0 Thread exited: 0x00000290e86f96d0
Event: 386.596 Thread 0x00000290e8a77e70 Thread exited: 0x00000290e8a77e70
Event: 386.596 Thread 0x00000290e8a79220 Thread exited: 0x00000290e8a79220
Event: 386.596 Thread 0x00000290e8a749f0 Thread exited: 0x00000290e8a749f0
Event: 386.596 Thread 0x00000290e8a798b0 Thread exited: 0x00000290e8a798b0
Event: 386.596 Thread 0x00000290e8a75080 Thread exited: 0x00000290e8a75080
Event: 387.600 Thread 0x00000290e8a78b90 Thread exited: 0x00000290e8a78b90
Event: 387.610 Thread 0x00000290e8a72fb0 Thread exited: 0x00000290e8a72fb0
Event: 387.624 Thread 0x00000290e8a78500 Thread exited: 0x00000290e8a78500
Event: 387.702 Thread 0x00000290e8a75710 Thread exited: 0x00000290e8a75710
Event: 387.702 Thread 0x00000290e8a77150 Thread exited: 0x00000290e8a77150
Event: 387.749 Thread 0x00000290e8a76430 Thread exited: 0x00000290e8a76430
Event: 387.770 Thread 0x00000290e9ffe840 Thread exited: 0x00000290e9ffe840
Event: 387.842 Thread 0x00000290e8a76ac0 Thread exited: 0x00000290e8a76ac0
Event: 413.151 Thread 0x00000290e86fcb50 Thread exited: 0x00000290e86fcb50
Event: 447.782 Thread 0x00000290e8a74360 Thread exited: 0x00000290e8a74360
Event: 473.162 Thread 0x00000290e86fd870 Thread exited: 0x00000290e86fd870
Event: 507.792 Thread 0x00000290e9fff560 Thread exited: 0x00000290e9fff560
Event: 533.166 Thread 0x00000290e86f9d60 Thread exited: 0x00000290e86f9d60
Event: 567.803 Thread 0x00000290e8a73640 Thread exited: 0x00000290e8a73640


Dynamic libraries:
0x00007ff74cb60000 - 0x00007ff74cb6e000 	c:\Users\Priyank Singh\.vscode\extensions\redhat.java-1.54.0-win32-x64\jre\21.0.10-win32-x86_64\bin\java.exe
0x00007ffc65280000 - 0x00007ffc654e7000 	C:\WINDOWS\SYSTEM32\ntdll.dll
0x00007ffc63910000 - 0x00007ffc639d9000 	C:\WINDOWS\System32\KERNEL32.DLL
0x00007ffc61d80000 - 0x00007ffc62174000 	C:\WINDOWS\System32\KERNELBASE.dll
0x00007ffc62e90000 - 0x00007ffc62fdb000 	C:\WINDOWS\System32\ucrtbase.dll
0x00007ffc3ad00000 - 0x00007ffc3ad18000 	c:\Users\Priyank Singh\.vscode\extensions\redhat.java-1.54.0-win32-x64\jre\21.0.10-win32-x86_64\bin\jli.dll
0x00007ffc3a2d0000 - 0x00007ffc3a2ee000 	c:\Users\Priyank Singh\.vscode\extensions\redhat.java-1.54.0-win32-x64\jre\21.0.10-win32-x86_64\bin\VCRUNTIME140.dll
0x00007ffc64b50000 - 0x00007ffc64d15000 	C:\WINDOWS\System32\USER32.dll
0x00007ffc62fe0000 - 0x00007ffc63007000 	C:\WINDOWS\System32\win32u.dll
0x00007ffc65150000 - 0x00007ffc6517b000 	C:\WINDOWS\System32\GDI32.dll
0x00007ffc4a1e0000 - 0x00007ffc4a473000 	C:\WINDOWS\WinSxS\amd64_microsoft.windows.common-controls_6595b64144ccf1df_6.0.26100.8115_none_3e075c82e3354f9c\COMCTL32.dll
0x00007ffc65190000 - 0x00007ffc65239000 	C:\WINDOWS\System32\msvcrt.dll
0x00007ffc62380000 - 0x00007ffc624ab000 	C:\WINDOWS\System32\gdi32full.dll
0x00007ffc61b50000 - 0x00007ffc61bf3000 	C:\WINDOWS\System32\msvcp_win.dll
0x00007ffc64220000 - 0x00007ffc64252000 	C:\WINDOWS\System32\IMM32.DLL
0x00007ffc5aa60000 - 0x00007ffc5aa6c000 	c:\Users\Priyank Singh\.vscode\extensions\redhat.java-1.54.0-win32-x64\jre\21.0.10-win32-x86_64\bin\vcruntime140_1.dll
0x00007ffc0d5a0000 - 0x00007ffc0d62d000 	c:\Users\Priyank Singh\.vscode\extensions\redhat.java-1.54.0-win32-x64\jre\21.0.10-win32-x86_64\bin\msvcp140.dll
0x00007ffba1a30000 - 0x00007ffba27d1000 	c:\Users\Priyank Singh\.vscode\extensions\redhat.java-1.54.0-win32-x64\jre\21.0.10-win32-x86_64\bin\server\jvm.dll
0x00007ffc64e80000 - 0x00007ffc64f36000 	C:\WINDOWS\System32\ADVAPI32.dll
0x00007ffc65000000 - 0x00007ffc650a7000 	C:\WINDOWS\System32\sechost.dll
0x00007ffc643d0000 - 0x00007ffc644e8000 	C:\WINDOWS\System32\RPCRT4.dll
0x00007ffc650b0000 - 0x00007ffc65130000 	C:\WINDOWS\System32\WS2_32.dll
0x00007ffc619b0000 - 0x00007ffc61a0e000 	C:\WINDOWS\SYSTEM32\POWRPROF.dll
0x00007ffc4a730000 - 0x00007ffc4a766000 	C:\WINDOWS\SYSTEM32\WINMM.dll
0x00007ffc4e540000 - 0x00007ffc4e54b000 	C:\WINDOWS\SYSTEM32\VERSION.dll
0x00007ffc61990000 - 0x00007ffc619a4000 	C:\WINDOWS\SYSTEM32\UMPDC.dll
0x00007ffc608c0000 - 0x00007ffc608db000 	C:\WINDOWS\SYSTEM32\kernel.appcore.dll
0x00007ffc58810000 - 0x00007ffc5881a000 	c:\Users\Priyank Singh\.vscode\extensions\redhat.java-1.54.0-win32-x64\jre\21.0.10-win32-x86_64\bin\jimage.dll
0x00007ffc5f890000 - 0x00007ffc5fad2000 	C:\WINDOWS\SYSTEM32\DBGHELP.DLL
0x00007ffc63e90000 - 0x00007ffc64212000 	C:\WINDOWS\System32\combase.dll
0x00007ffc645f0000 - 0x00007ffc646c8000 	C:\WINDOWS\System32\OLEAUT32.dll
0x00007ffc46430000 - 0x00007ffc4646b000 	C:\WINDOWS\SYSTEM32\dbgcore.DLL
0x00007ffc62570000 - 0x00007ffc62615000 	C:\WINDOWS\System32\bcryptPrimitives.dll
0x00007ffc5ec10000 - 0x00007ffc5ec1f000 	c:\Users\Priyank Singh\.vscode\extensions\redhat.java-1.54.0-win32-x64\jre\21.0.10-win32-x86_64\bin\instrument.dll
0x00007ffc34a70000 - 0x00007ffc34a90000 	c:\Users\Priyank Singh\.vscode\extensions\redhat.java-1.54.0-win32-x64\jre\21.0.10-win32-x86_64\bin\java.dll
0x00007ffc63010000 - 0x00007ffc63777000 	C:\WINDOWS\System32\SHELL32.dll
0x00007ffc62210000 - 0x00007ffc6237a000 	C:\WINDOWS\System32\wintypes.dll
0x00007ffc62620000 - 0x00007ffc62e88000 	C:\WINDOWS\System32\windows.storage.dll
0x00007ffc64a50000 - 0x00007ffc64b48000 	C:\WINDOWS\System32\SHCORE.dll
0x00007ffc64310000 - 0x00007ffc64376000 	C:\WINDOWS\System32\shlwapi.dll
0x00007ffc61a70000 - 0x00007ffc61a99000 	C:\WINDOWS\SYSTEM32\profapi.dll
0x00007ffc3a2b0000 - 0x00007ffc3a2c8000 	c:\Users\Priyank Singh\.vscode\extensions\redhat.java-1.54.0-win32-x64\jre\21.0.10-win32-x86_64\bin\zip.dll
0x00007ffc4e2a0000 - 0x00007ffc4e2b0000 	C:\Users\Priyank Singh\.vscode\extensions\redhat.java-1.54.0-win32-x64\jre\21.0.10-win32-x86_64\bin\net.dll
0x00007ffc5b7e0000 - 0x00007ffc5b90d000 	C:\WINDOWS\SYSTEM32\WINHTTP.dll
0x00007ffc60e50000 - 0x00007ffc60ebc000 	C:\WINDOWS\system32\mswsock.dll
0x00007ffc30a20000 - 0x00007ffc30a36000 	C:\Users\Priyank Singh\.vscode\extensions\redhat.java-1.54.0-win32-x64\jre\21.0.10-win32-x86_64\bin\nio.dll
0x00007ffc5aa90000 - 0x00007ffc5aaa0000 	c:\Users\Priyank Singh\.vscode\extensions\redhat.java-1.54.0-win32-x64\jre\21.0.10-win32-x86_64\bin\verify.dll
0x00007ffc4ddd0000 - 0x00007ffc4de15000 	C:\Users\Priyank Singh\AppData\Roaming\Code\User\globalStorage\redhat.java\1.54.0\config_win\org.eclipse.equinox.launcher\org.eclipse.equinox.launcher.win32.win32.x86_64_1.3.0.v20260203-2149\eclipse_11919.dll
0x00007ffc646d0000 - 0x00007ffc64867000 	C:\WINDOWS\System32\ole32.dll
0x00007ffc61130000 - 0x00007ffc6114b000 	C:\WINDOWS\SYSTEM32\CRYPTSP.dll
0x00007ffc60820000 - 0x00007ffc60859000 	C:\WINDOWS\system32\rsaenh.dll
0x00007ffc60f00000 - 0x00007ffc60f33000 	C:\WINDOWS\SYSTEM32\USERENV.dll
0x00007ffc61a40000 - 0x00007ffc61a6a000 	C:\WINDOWS\SYSTEM32\bcrypt.dll
0x00007ffc61150000 - 0x00007ffc6115c000 	C:\WINDOWS\SYSTEM32\CRYPTBASE.dll
0x00007ffc60280000 - 0x00007ffc602b2000 	C:\WINDOWS\SYSTEM32\IPHLPAPI.DLL
0x00007ffc63800000 - 0x00007ffc6380a000 	C:\WINDOWS\System32\NSI.dll
0x00007ffc4b3f0000 - 0x00007ffc4b439000 	C:\Users\Priyank Singh\AppData\Local\Temp\jna--1495685051\jna9321784294754381941.dll
0x00007ffc65180000 - 0x00007ffc65188000 	C:\WINDOWS\System32\PSAPI.DLL
0x00007ffc5b9b0000 - 0x00007ffc5b9cd000 	C:\WINDOWS\SYSTEM32\dhcpcsvc6.DLL
0x00007ffc5b980000 - 0x00007ffc5b9a5000 	C:\WINDOWS\SYSTEM32\dhcpcsvc.DLL
0x00007ffc609e0000 - 0x00007ffc60a16000 	C:\WINDOWS\SYSTEM32\ntmarta.dll

JVMTI agents:
c:\Users\Priyank Singh\.vscode\extensions\redhat.java-1.54.0-win32-x64\lombok\lombok-1.18.39-4050.jar path:c:\Users\Priyank Singh\.vscode\extensions\redhat.java-1.54.0-win32-x64\jre\21.0.10-win32-x86_64\bin\instrument.dll, loaded, initialized, instrumentlib options:none

dbghelp: loaded successfully - version: 4.0.5 - missing functions: none
symbol engine: initialized successfully - sym options: 0x614 - pdb path: .;c:\Users\Priyank Singh\.vscode\extensions\redhat.java-1.54.0-win32-x64\jre\21.0.10-win32-x86_64\bin;C:\WINDOWS\SYSTEM32;C:\WINDOWS\WinSxS\amd64_microsoft.windows.common-controls_6595b64144ccf1df_6.0.26100.8115_none_3e075c82e3354f9c;c:\Users\Priyank Singh\.vscode\extensions\redhat.java-1.54.0-win32-x64\jre\21.0.10-win32-x86_64\bin\server;C:\Users\Priyank Singh\AppData\Roaming\Code\User\globalStorage\redhat.java\1.54.0\config_win\org.eclipse.equinox.launcher\org.eclipse.equinox.launcher.win32.win32.x86_64_1.3.0.v20260203-2149;C:\Users\Priyank Singh\AppData\Local\Temp\jna--1495685051

VM Arguments:
jvm_args: --add-modules=ALL-SYSTEM --add-opens=java.base/java.util=ALL-UNNAMED --add-opens=java.base/java.lang=ALL-UNNAMED --add-opens=java.base/sun.nio.fs=ALL-UNNAMED -Declipse.application=org.eclipse.jdt.ls.core.id1 -Dosgi.bundles.defaultStartLevel=4 -Declipse.product=org.eclipse.jdt.ls.core.product -Djava.import.generatesMetadataFilesAtProjectRoot=false -DDetectVMInstallationsJob.disabled=true -Dfile.encoding=utf8 -XX:+UseParallelGC -XX:GCTimeRatio=4 -XX:AdaptiveSizePolicyWeight=90 -Dsun.zip.disableMemoryMapping=true -Xmx2G -Xms100m -Xlog:disable -javaagent:c:\Users\Priyank Singh\.vscode\extensions\redhat.java-1.54.0-win32-x64\lombok\lombok-1.18.39-4050.jar -XX:+HeapDumpOnOutOfMemoryError -XX:HeapDumpPath=c:\Users\Priyank Singh\AppData\Roaming\Code\User\workspaceStorage\202945ca63545f4ea7e4daeed799ec2f\redhat.java -Daether.dependencyCollector.impl=bf 
java_command: c:\Users\Priyank Singh\.vscode\extensions\redhat.java-1.54.0-win32-x64\server\plugins\org.eclipse.equinox.launcher_1.7.100.v20251111-0406.jar -configuration c:\Users\Priyank Singh\AppData\Roaming\Code\User\globalStorage\redhat.java\1.54.0\config_win -data c:\Users\Priyank Singh\AppData\Roaming\Code\User\workspaceStorage\202945ca63545f4ea7e4daeed799ec2f\redhat.java\jdt_ws --pipe=\\.\pipe\lsp-8f69da58d77f1acf33cc25e6eb32a23a-sock
java_class_path (initial): c:\Users\Priyank Singh\.vscode\extensions\redhat.java-1.54.0-win32-x64\server\plugins\org.eclipse.equinox.launcher_1.7.100.v20251111-0406.jar
Launcher Type: SUN_STANDARD

[Global flags]
    uintx AdaptiveSizePolicyWeight                 = 90                                        {product} {command line}
     intx CICompilerCount                          = 4                                         {product} {ergonomic}
    uintx GCTimeRatio                              = 4                                         {product} {command line}
     bool HeapDumpOnOutOfMemoryError               = true                                   {manageable} {command line}
    ccstr HeapDumpPath                             = c:\Users\Priyank Singh\AppData\Roaming\Code\User\workspaceStorage\202945ca63545f4ea7e4daeed799ec2f\redhat.java         {manageable} {command line}
   size_t InitialHeapSize                          = 104857600                                 {product} {command line}
   size_t MaxHeapSize                              = 2147483648                                {product} {command line}
   size_t MaxNewSize                               = 715653120                                 {product} {ergonomic}
   size_t MinHeapDeltaBytes                        = 524288                                    {product} {ergonomic}
   size_t MinHeapSize                              = 104857600                                 {product} {command line}
   size_t NewSize                                  = 34603008                                  {product} {ergonomic}
    uintx NonNMethodCodeHeapSize                   = 5839372                                {pd product} {ergonomic}
    uintx NonProfiledCodeHeapSize                  = 122909434                              {pd product} {ergonomic}
   size_t OldSize                                  = 70254592                                  {product} {ergonomic}
    uintx ProfiledCodeHeapSize                     = 122909434                              {pd product} {ergonomic}
    uintx ReservedCodeCacheSize                    = 251658240                              {pd product} {ergonomic}
     bool SegmentedCodeCache                       = true                                      {product} {ergonomic}
   size_t SoftMaxHeapSize                          = 2147483648                             {manageable} {ergonomic}
     bool UseCompressedOops                        = true                           {product lp64_product} {ergonomic}
     bool UseLargePagesIndividualAllocation        = false                                  {pd product} {ergonomic}
     bool UseParallelGC                            = true                                      {product} {command line}

Logging:
Log output configuration:
 #0: stdout all=off uptime,level,tags foldmultilines=false
 #1: stderr all=off uptime,level,tags foldmultilines=false

Release file:
JAVA_VERSION="21.0.10" 
MODULES="java.base java.compiler java.datatransfer java.xml java.prefs java.desktop java.instrument java.logging java.management java.security.sasl java.naming java.rmi java.management.rmi java.net.http java.scripting java.security.jgss java.transaction.xa java.sql java.sql.rowset java.xml.crypto java.se java.smartcardio jdk.accessibility jdk.internal.jvmstat jdk.attach jdk.charsets jdk.internal.opt jdk.zipfs jdk.compiler jdk.crypto.ec jdk.crypto.cryptoki jdk.crypto.mscapi jdk.dynalink jdk.internal.ed jdk.editpad jdk.hotspot.agent jdk.httpserver jdk.internal.le jdk.internal.vm.ci jdk.internal.vm.compiler jdk.internal.vm.compiler.management jdk.jartool jdk.javadoc jdk.jcmd jdk.management jdk.management.agent jdk.jconsole jdk.jdeps jdk.jdwp.agent jdk.jdi jdk.jfr jdk.jshell jdk.jsobject jdk.jstatd jdk.localedata jdk.management.jfr jdk.naming.dns jdk.naming.rmi jdk.net jdk.nio.mapmode jdk.random jdk.sctp jdk.security.auth jdk.security.jgss jdk.unsupported jdk.unsupported.desktop jdk.xml.dom" 

Environment Variables:
PATH=C:\Users\Priyank Singh\AppData\Local\Programs\Microsoft VS Code;C:\Program Files\Eclipse Adoptium\jdk-17.0.17.10-hotspot\bin;C:\Python312\Scripts\;C:\Python312\;C:\Program Files\Common Files\Oracle\Java\javapath;C:\WINDOWS\system32;C:\WINDOWS;C:\WINDOWS\System32\Wbem;C:\WINDOWS\System32\WindowsPowerShell\v1.0\;C:\WINDOWS\System32\OpenSSH\;C:\MinGW\bin;C:\Program Files\Java\jdk-20\bin;C:\ProgramData\chocolatey\bin;C:\Program Files\dotnet\;C:\Program Files\Git\cmd;C:\Program Files\nodejs\;C:\Maven\apache-maven-3.9.12\bin;C:\Users\Priyank Singh\apache-maven-3.9.12\bin;;C:\Program Files\Docker\Docker\resources\bin;C:\Program Files\MySQL\MySQL Shell 8.0\bin\;C:\Users\Priyank Singh\AppData\Local\Programs\Python\Python312\Scripts\;C:\Users\Priyank Singh\AppData\Local\Programs\Python\Python312\;C:\Users\Priyank Singh\AppData\Local\Microsoft\WindowsApps;C:\Users\Priyank Singh\AppData\Local\JetBrains\Toolbox\scripts;C:\Users\Priyank Singh\AppData\Local\Programs\Microsoft VS Code\bin;C:\Users\Priyank Singh\AppData\Local\Microsoft\WindowsApps;C:\Users\Priyank Singh\AppData\Local\Programs\mongosh\;C:\Users\Priyank Singh\AppData\Roaming\npm;C:\Users\Priyank Singh\AppData\Local\Programs\Antigravity\bin
USERNAME=Priyank Singh
OS=Windows_NT
PROCESSOR_IDENTIFIER=Intel64 Family 6 Model 140 Stepping 1, GenuineIntel
TMP=C:\Users\PRIYAN~1\AppData\Local\Temp
TEMP=C:\Users\PRIYAN~1\AppData\Local\Temp




Periodic native trim disabled

---------------  S Y S T E M  ---------------

OS:
 Windows 11 , 64 bit Build 26100 (10.0.26100.8246)
OS uptime: 4 days 4:36 hours
Hyper-V role detected

CPU: total 8 (initial active 8) (4 cores per cpu, 2 threads per core) family 6 model 140 stepping 1 microcode 0x86, cx8, cmov, fxsr, ht, mmx, 3dnowpref, sse, sse2, sse3, ssse3, sse4.1, sse4.2, popcnt, lzcnt, tsc, tscinvbit, avx, avx2, aes, erms, clmul, bmi1, bmi2, adx, avx512f, avx512dq, avx512cd, avx512bw, avx512vl, sha, fma, vzeroupper, avx512_vpopcntdq, avx512_vpclmulqdq, avx512_vaes, avx512_vnni, clflush, clflushopt, clwb, avx512_vbmi2, avx512_vbmi, hv, rdtscp, rdpid, fsrm, gfni, avx512_bitalg, f16c, cet_ibt, cet_ss, avx512_ifma
Processor Information for the first 8 processors :
  Max Mhz: 3110, Current Mhz: 3110, Mhz Limit: 3110

Memory: 4k page, system-wide physical 7975M (1127M free)
TotalPageFile size 32551M (AvailPageFile size 22M)
current process WorkingSet (physical memory assigned to process): 10M, peak: 793M
current process commit charge ("private bytes"): 1277M, peak: 1283M

vm_info: OpenJDK 64-Bit Server VM (21.0.10+7-LTS) for windows-amd64 JRE (21.0.10+7-LTS), built on 2026-01-20T00:00:00Z by "admin" with MS VC++ 17.12 (VS2022)

END.
